{"/home/travis/build/npmtest/node-npmtest-columnify/test.js":{"path":"/home/travis/build/npmtest/node-npmtest-columnify/test.js","s":{"1":2,"2":2,"3":2,"4":2,"5":2,"6":2,"7":2,"8":1,"9":2,"10":2,"11":1,"12":1,"13":1,"14":1,"15":2,"16":2,"17":2,"18":2,"19":1,"20":1,"21":2,"22":2,"23":2,"24":1,"25":1,"26":1,"27":1,"28":1,"29":1,"30":1,"31":1,"32":1,"33":1,"34":1,"35":1,"36":1,"37":2,"38":2,"39":1,"40":2,"41":2,"42":1,"43":2,"44":2,"45":1,"46":2,"47":2,"48":1,"49":1,"50":1,"51":1,"52":1},"b":{"1":[2,1,1,1],"2":[1,1,1,1],"3":[1,1],"4":[1,1],"5":[1,1],"6":[1,1],"7":[1,1],"8":[1,1],"9":[1,1,1],"10":[1,1],"11":[1,1],"12":[1,1],"13":[1,1],"14":[1,1],"15":[1,1],"16":[1,1]},"f":{"1":2,"2":2,"3":2,"4":2,"5":2,"6":1,"7":1,"8":2,"9":2,"10":2,"11":2,"12":1},"fnMap":{"1":{"name":"(anonymous_1)","line":12,"loc":{"start":{"line":12,"column":1},"end":{"line":12,"column":13}}},"2":{"name":"(anonymous_2)","line":19,"loc":{"start":{"line":19,"column":5},"end":{"line":19,"column":17}}},"3":{"name":"(anonymous_3)","line":23,"loc":{"start":{"line":23,"column":24},"end":{"line":23,"column":36}}},"4":{"name":"(anonymous_4)","line":61,"loc":{"start":{"line":61,"column":5},"end":{"line":61,"column":17}}},"5":{"name":"(anonymous_5)","line":82,"loc":{"start":{"line":82,"column":5},"end":{"line":82,"column":17}}},"6":{"name":"(anonymous_6)","line":102,"loc":{"start":{"line":102,"column":83},"end":{"line":105,"column":10}},"skip":true},"7":{"name":"(anonymous_7)","line":113,"loc":{"start":{"line":113,"column":77},"end":{"line":116,"column":10}},"skip":true},"8":{"name":"(anonymous_8)","line":129,"loc":{"start":{"line":129,"column":12},"end":{"line":129,"column":40}},"skip":true},"9":{"name":"(anonymous_9)","line":137,"loc":{"start":{"line":137,"column":77},"end":{"line":140,"column":10}},"skip":true},"10":{"name":"(anonymous_10)","line":148,"loc":{"start":{"line":148,"column":83},"end":{"line":151,"column":10}},"skip":true},"11":{"name":"(anonymous_11)","line":159,"loc":{"start":{"line":159,"column":79},"end":{"line":162,"column":10}},"skip":true},"12":{"name":"(anonymous_12)","line":170,"loc":{"start":{"line":170,"column":75},"end":{"line":173,"column":10}},"skip":true}},"statementMap":{"1":{"start":{"line":12,"column":0},"end":{"line":185,"column":5}},"2":{"start":{"line":14,"column":4},"end":{"line":14,"column":14}},"3":{"start":{"line":19,"column":4},"end":{"line":56,"column":9}},"4":{"start":{"line":21,"column":8},"end":{"line":21,"column":19}},"5":{"start":{"line":23,"column":8},"end":{"line":35,"column":13}},"6":{"start":{"line":24,"column":12},"end":{"line":34,"column":13}},"7":{"start":{"line":25,"column":16},"end":{"line":28,"column":30}},"8":{"start":{"line":30,"column":16},"end":{"line":33,"column":27}},"9":{"start":{"line":37,"column":8},"end":{"line":39,"column":21}},"10":{"start":{"line":40,"column":8},"end":{"line":53,"column":9}},"11":{"start":{"line":43,"column":12},"end":{"line":46,"column":14}},"12":{"start":{"line":47,"column":12},"end":{"line":47,"column":18}},"13":{"start":{"line":50,"column":12},"end":{"line":51,"column":46}},"14":{"start":{"line":52,"column":12},"end":{"line":52,"column":18}},"15":{"start":{"line":55,"column":8},"end":{"line":55,"column":35}},"16":{"start":{"line":61,"column":4},"end":{"line":63,"column":9}},"17":{"start":{"line":62,"column":8},"end":{"line":62,"column":15}},"18":{"start":{"line":64,"column":4},"end":{"line":77,"column":5}},"19":{"start":{"line":70,"column":8},"end":{"line":70,"column":14}},"20":{"start":{"line":76,"column":8},"end":{"line":76,"column":14}},"21":{"start":{"line":82,"column":4},"end":{"line":84,"column":9}},"22":{"start":{"line":83,"column":8},"end":{"line":83,"column":15}},"23":{"start":{"line":85,"column":4},"end":{"line":184,"column":5}},"24":{"start":{"line":92,"column":8},"end":{"line":94,"column":63}},"25":{"start":{"line":95,"column":8},"end":{"line":95,"column":14}},"26":{"start":{"line":102,"column":8},"end":{"line":111,"column":10},"skip":true},"27":{"start":{"line":109,"column":12},"end":{"line":109,"column":55},"skip":true},"28":{"start":{"line":110,"column":12},"end":{"line":110,"column":48},"skip":true},"29":{"start":{"line":113,"column":8},"end":{"line":126,"column":10},"skip":true},"30":{"start":{"line":120,"column":12},"end":{"line":120,"column":76},"skip":true},"31":{"start":{"line":121,"column":12},"end":{"line":121,"column":73},"skip":true},"32":{"start":{"line":122,"column":12},"end":{"line":122,"column":74},"skip":true},"33":{"start":{"line":123,"column":12},"end":{"line":123,"column":79},"skip":true},"34":{"start":{"line":124,"column":12},"end":{"line":124,"column":25},"skip":true},"35":{"start":{"line":125,"column":12},"end":{"line":125,"column":45},"skip":true},"36":{"start":{"line":128,"column":8},"end":{"line":135,"column":14},"skip":true},"37":{"start":{"line":133,"column":16},"end":{"line":133,"column":29},"skip":true},"38":{"start":{"line":134,"column":16},"end":{"line":134,"column":55},"skip":true},"39":{"start":{"line":137,"column":8},"end":{"line":146,"column":10},"skip":true},"40":{"start":{"line":144,"column":12},"end":{"line":144,"column":25},"skip":true},"41":{"start":{"line":145,"column":12},"end":{"line":145,"column":45},"skip":true},"42":{"start":{"line":148,"column":8},"end":{"line":157,"column":10},"skip":true},"43":{"start":{"line":155,"column":12},"end":{"line":155,"column":25},"skip":true},"44":{"start":{"line":156,"column":12},"end":{"line":156,"column":48},"skip":true},"45":{"start":{"line":159,"column":8},"end":{"line":168,"column":10},"skip":true},"46":{"start":{"line":166,"column":12},"end":{"line":166,"column":25},"skip":true},"47":{"start":{"line":167,"column":12},"end":{"line":167,"column":46},"skip":true},"48":{"start":{"line":170,"column":8},"end":{"line":179,"column":10},"skip":true},"49":{"start":{"line":177,"column":12},"end":{"line":177,"column":94},"skip":true},"50":{"start":{"line":178,"column":12},"end":{"line":178,"column":48},"skip":true},"51":{"start":{"line":182,"column":8},"end":{"line":182,"column":35},"skip":true},"52":{"start":{"line":183,"column":8},"end":{"line":183,"column":14},"skip":true}},"branchMap":{"1":{"line":25,"type":"binary-expr","locations":[{"start":{"line":25,"column":23},"end":{"line":25,"column":62}},{"start":{"line":26,"column":20},"end":{"line":26,"column":70}},{"start":{"line":27,"column":20},"end":{"line":27,"column":71}},{"start":{"line":28,"column":20},"end":{"line":28,"column":29}}]},"2":{"line":30,"type":"binary-expr","locations":[{"start":{"line":30,"column":23},"end":{"line":30,"column":37}},{"start":{"line":31,"column":20},"end":{"line":31,"column":61}},{"start":{"line":32,"column":20},"end":{"line":32,"column":70}},{"start":{"line":33,"column":20},"end":{"line":33,"column":26}}]},"3":{"line":37,"type":"cond-expr","locations":[{"start":{"line":38,"column":14},"end":{"line":38,"column":20}},{"start":{"line":39,"column":14},"end":{"line":39,"column":20}}]},"4":{"line":40,"type":"switch","locations":[{"start":{"line":42,"column":8},"end":{"line":47,"column":18}},{"start":{"line":49,"column":8},"end":{"line":52,"column":18}}]},"5":{"line":44,"type":"binary-expr","locations":[{"start":{"line":44,"column":16},"end":{"line":44,"column":44}},{"start":{"line":44,"column":48},"end":{"line":44,"column":66}}]},"6":{"line":50,"type":"binary-expr","locations":[{"start":{"line":50,"column":21},"end":{"line":50,"column":49}},{"start":{"line":50,"column":53},"end":{"line":50,"column":72}}]},"7":{"line":64,"type":"switch","locations":[{"start":{"line":69,"column":4},"end":{"line":70,"column":14}},{"start":{"line":75,"column":4},"end":{"line":76,"column":14}}]},"8":{"line":85,"type":"switch","locations":[{"start":{"line":90,"column":4},"end":{"line":95,"column":14}},{"start":{"line":101,"column":4},"end":{"line":183,"column":14},"skip":true}]},"9":{"line":92,"type":"binary-expr","locations":[{"start":{"line":92,"column":18},"end":{"line":92,"column":32}},{"start":{"line":93,"column":12},"end":{"line":93,"column":53}},{"start":{"line":94,"column":12},"end":{"line":94,"column":61}}]},"10":{"line":102,"type":"binary-expr","locations":[{"start":{"line":102,"column":45},"end":{"line":102,"column":79},"skip":true},{"start":{"line":102,"column":83},"end":{"line":111,"column":9},"skip":true}]},"11":{"line":113,"type":"binary-expr","locations":[{"start":{"line":113,"column":42},"end":{"line":113,"column":73},"skip":true},{"start":{"line":113,"column":77},"end":{"line":126,"column":9},"skip":true}]},"12":{"line":128,"type":"binary-expr","locations":[{"start":{"line":128,"column":48},"end":{"line":128,"column":85},"skip":true},{"start":{"line":129,"column":12},"end":{"line":135,"column":13},"skip":true}]},"13":{"line":137,"type":"binary-expr","locations":[{"start":{"line":137,"column":42},"end":{"line":137,"column":73},"skip":true},{"start":{"line":137,"column":77},"end":{"line":146,"column":9},"skip":true}]},"14":{"line":148,"type":"binary-expr","locations":[{"start":{"line":148,"column":45},"end":{"line":148,"column":79},"skip":true},{"start":{"line":148,"column":83},"end":{"line":157,"column":9},"skip":true}]},"15":{"line":159,"type":"binary-expr","locations":[{"start":{"line":159,"column":43},"end":{"line":159,"column":75},"skip":true},{"start":{"line":159,"column":79},"end":{"line":168,"column":9},"skip":true}]},"16":{"line":170,"type":"binary-expr","locations":[{"start":{"line":170,"column":41},"end":{"line":170,"column":71},"skip":true},{"start":{"line":170,"column":75},"end":{"line":179,"column":9},"skip":true}]}},"code":["/* istanbul instrument in package npmtest_columnify */","/*jslint","    bitwise: true,","    browser: true,","    maxerr: 8,","    maxlen: 96,","    node: true,","    nomen: true,","    regexp: true,","    stupid: true","*/","(function () {","    'use strict';","    var local;","","","","    // run shared js-env code - pre-init","    (function () {","        // init local","        local = {};","        // init modeJs","        local.modeJs = (function () {","            try {","                return typeof navigator.userAgent === 'string' &&","                    typeof document.querySelector('body') === 'object' &&","                    typeof XMLHttpRequest.prototype.open === 'function' &&","                    'browser';","            } catch (errorCaughtBrowser) {","                return module.exports &&","                    typeof process.versions.node === 'string' &&","                    typeof require('http').createServer === 'function' &&","                    'node';","            }","        }());","        // init global","        local.global = local.modeJs === 'browser'","            ? window","            : global;","        switch (local.modeJs) {","        // re-init local from window.local","        case 'browser':","            local = local.global.utility2.objectSetDefault(","                local.global.utility2_rollup || local.global.local,","                local.global.utility2","            );","            break;","        // re-init local from example.js","        case 'node':","            local = (local.global.utility2_rollup || require('utility2'))","                .requireExampleJsFromReadme();","            break;","        }","        // export local","        local.global.local = local;","    }());","","","","    // run shared js-env code - function","    (function () {","        return;","    }());","    switch (local.modeJs) {","","","","    // run browser js-env code - function","    case 'browser':","        break;","","","","    // run node js-env code - function","    case 'node':","        break;","    }","","","","    // run shared js-env code - post-init","    (function () {","        return;","    }());","    switch (local.modeJs) {","","","","    // run browser js-env code - post-init","    case 'browser':","        // run tests","        local.nop(local.modeTest &&","            document.querySelector('#testRunButton1') &&","            document.querySelector('#testRunButton1').click());","        break;","","","","    // run node js-env code - post-init","    /* istanbul ignore next */","    case 'node':","        local.testCase_buildApidoc_default = local.testCase_buildApidoc_default || function (","            options,","            onError","        ) {","        /*","         * this function will test buildApidoc's default handling-behavior-behavior","         */","            options = { modulePathList: module.paths };","            local.buildApidoc(options, onError);","        };","","        local.testCase_buildApp_default = local.testCase_buildApp_default || function (","            options,","            onError","        ) {","        /*","         * this function will test buildApp's default handling-behavior-behavior","         */","            local.testCase_buildReadme_default(options, local.onErrorThrow);","            local.testCase_buildLib_default(options, local.onErrorThrow);","            local.testCase_buildTest_default(options, local.onErrorThrow);","            local.testCase_buildCustomOrg_default(options, local.onErrorThrow);","            options = [];","            local.buildApp(options, onError);","        };","","        local.testCase_buildCustomOrg_default = local.testCase_buildCustomOrg_default ||","            function (options, onError) {","            /*","             * this function will test buildCustomOrg's default handling-behavior","             */","                options = {};","                local.buildCustomOrg(options, onError);","            };","","        local.testCase_buildLib_default = local.testCase_buildLib_default || function (","            options,","            onError","        ) {","        /*","         * this function will test buildLib's default handling-behavior","         */","            options = {};","            local.buildLib(options, onError);","        };","","        local.testCase_buildReadme_default = local.testCase_buildReadme_default || function (","            options,","            onError","        ) {","        /*","         * this function will test buildReadme's default handling-behavior-behavior","         */","            options = {};","            local.buildReadme(options, onError);","        };","","        local.testCase_buildTest_default = local.testCase_buildTest_default || function (","            options,","            onError","        ) {","        /*","         * this function will test buildTest's default handling-behavior","         */","            options = {};","            local.buildTest(options, onError);","        };","","        local.testCase_webpage_default = local.testCase_webpage_default || function (","            options,","            onError","        ) {","        /*","         * this function will test webpage's default handling-behavior","         */","            options = { modeCoverageMerge: true, url: local.serverLocalHost + '?modeTest=1' };","            local.browserTest(options, onError);","        };","","        // run test-server","        local.testRunServer(local);","        break;","    }","}());",""],"l":{"12":2,"14":2,"19":2,"21":2,"23":2,"24":2,"25":2,"30":1,"37":2,"40":2,"43":1,"47":1,"50":1,"52":1,"55":2,"61":2,"62":2,"64":2,"70":1,"76":1,"82":2,"83":2,"85":2,"92":1,"95":1,"102":1,"109":1,"110":1,"113":1,"120":1,"121":1,"122":1,"123":1,"124":1,"125":1,"128":1,"133":2,"134":2,"137":1,"144":2,"145":2,"148":1,"155":2,"156":2,"159":1,"166":2,"167":2,"170":1,"177":1,"178":1,"182":1,"183":1}},"/home/travis/build/npmtest/node-npmtest-columnify/lib.npmtest_columnify.js":{"path":"/home/travis/build/npmtest/node-npmtest-columnify/lib.npmtest_columnify.js","s":{"1":2,"2":2,"3":2,"4":2,"5":2,"6":2,"7":2,"8":1,"9":2,"10":2,"11":2,"12":2,"13":1,"14":1,"15":1,"16":1},"b":{"1":[2,1,1,1],"2":[1,1,1,1],"3":[1,1],"4":[2,2],"5":[1,1]},"f":{"1":2,"2":2,"3":2},"fnMap":{"1":{"name":"(anonymous_1)","line":12,"loc":{"start":{"line":12,"column":1},"end":{"line":12,"column":13}}},"2":{"name":"(anonymous_2)","line":19,"loc":{"start":{"line":19,"column":5},"end":{"line":19,"column":17}}},"3":{"name":"(anonymous_3)","line":23,"loc":{"start":{"line":23,"column":24},"end":{"line":23,"column":36}}}},"statementMap":{"1":{"start":{"line":12,"column":0},"end":{"line":53,"column":5}},"2":{"start":{"line":14,"column":4},"end":{"line":14,"column":14}},"3":{"start":{"line":19,"column":4},"end":{"line":52,"column":9}},"4":{"start":{"line":21,"column":8},"end":{"line":21,"column":19}},"5":{"start":{"line":23,"column":8},"end":{"line":35,"column":13}},"6":{"start":{"line":24,"column":12},"end":{"line":34,"column":13}},"7":{"start":{"line":25,"column":16},"end":{"line":28,"column":30}},"8":{"start":{"line":30,"column":16},"end":{"line":33,"column":27}},"9":{"start":{"line":37,"column":8},"end":{"line":39,"column":21}},"10":{"start":{"line":41,"column":8},"end":{"line":41,"column":54}},"11":{"start":{"line":43,"column":8},"end":{"line":43,"column":54}},"12":{"start":{"line":45,"column":8},"end":{"line":51,"column":9}},"13":{"start":{"line":46,"column":12},"end":{"line":46,"column":60}},"14":{"start":{"line":48,"column":12},"end":{"line":48,"column":35}},"15":{"start":{"line":49,"column":12},"end":{"line":49,"column":49}},"16":{"start":{"line":50,"column":12},"end":{"line":50,"column":43}}},"branchMap":{"1":{"line":25,"type":"binary-expr","locations":[{"start":{"line":25,"column":23},"end":{"line":25,"column":62}},{"start":{"line":26,"column":20},"end":{"line":26,"column":70}},{"start":{"line":27,"column":20},"end":{"line":27,"column":71}},{"start":{"line":28,"column":20},"end":{"line":28,"column":29}}]},"2":{"line":30,"type":"binary-expr","locations":[{"start":{"line":30,"column":23},"end":{"line":30,"column":37}},{"start":{"line":31,"column":20},"end":{"line":31,"column":61}},{"start":{"line":32,"column":20},"end":{"line":32,"column":70}},{"start":{"line":33,"column":20},"end":{"line":33,"column":26}}]},"3":{"line":37,"type":"cond-expr","locations":[{"start":{"line":38,"column":14},"end":{"line":38,"column":20}},{"start":{"line":39,"column":14},"end":{"line":39,"column":20}}]},"4":{"line":41,"type":"binary-expr","locations":[{"start":{"line":41,"column":16},"end":{"line":41,"column":44}},{"start":{"line":41,"column":48},"end":{"line":41,"column":53}}]},"5":{"line":45,"type":"if","locations":[{"start":{"line":45,"column":8},"end":{"line":45,"column":8}},{"start":{"line":45,"column":8},"end":{"line":45,"column":8}}]}},"code":["/* istanbul instrument in package npmtest_columnify */","/*jslint","    bitwise: true,","    browser: true,","    maxerr: 8,","    maxlen: 96,","    node: true,","    nomen: true,","    regexp: true,","    stupid: true","*/","(function () {","    'use strict';","    var local;","","","","    // run shared js-env code - pre-init","    (function () {","        // init local","        local = {};","        // init modeJs","        local.modeJs = (function () {","            try {","                return typeof navigator.userAgent === 'string' &&","                    typeof document.querySelector('body') === 'object' &&","                    typeof XMLHttpRequest.prototype.open === 'function' &&","                    'browser';","            } catch (errorCaughtBrowser) {","                return module.exports &&","                    typeof process.versions.node === 'string' &&","                    typeof require('http').createServer === 'function' &&","                    'node';","            }","        }());","        // init global","        local.global = local.modeJs === 'browser'","            ? window","            : global;","        // init utility2_rollup","        local = local.global.utility2_rollup || local;","        // init lib","        local.local = local.npmtest_columnify = local;","        // init exports","        if (local.modeJs === 'browser') {","            local.global.utility2_npmtest_columnify = local;","        } else {","            module.exports = local;","            module.exports.__dirname = __dirname;","            module.exports.module = module;","        }","    }());","}());",""],"l":{"12":2,"14":2,"19":2,"21":2,"23":2,"24":2,"25":2,"30":1,"37":2,"41":2,"43":2,"45":2,"46":1,"48":1,"49":1,"50":1}},"/home/travis/build/npmtest/node-npmtest-columnify/example.js":{"path":"/home/travis/build/npmtest/node-npmtest-columnify/example.js","s":{"1":2,"2":2,"3":2,"4":2,"5":2,"6":2,"7":2,"8":1,"9":2,"10":2,"11":2,"12":2,"13":1,"14":2,"15":2,"16":2,"17":2,"18":2,"19":0,"20":2,"21":1,"22":1,"23":1,"24":1,"25":1,"26":0,"27":0,"28":1,"29":1,"30":2,"31":0,"32":0,"33":0,"34":1,"35":2,"36":2,"37":2,"38":2,"39":2,"40":2,"41":0,"42":2,"43":2,"44":2,"45":1,"46":3,"47":1,"48":1,"49":1,"50":1,"51":1,"52":1,"53":1,"54":1,"55":1,"56":1,"57":0,"58":1,"59":6,"60":6,"61":1,"62":2,"63":0,"64":2,"65":1,"66":1,"67":0,"68":0,"69":0,"70":0,"71":0,"72":0,"73":0,"74":0,"75":0,"76":0,"77":0,"78":0,"79":0,"80":0,"81":0,"82":0,"83":0},"b":{"1":[2,1,1,1],"2":[1,1,1,1],"3":[1,1],"4":[2,2],"5":[1,1],"6":[1,1],"7":[2,0],"8":[2,1,1,1,1,1],"9":[0,2,0],"10":[1,1],"11":[2,1,1],"12":[1,0],"13":[0,2],"14":[2,0,0,0,0,0,0],"15":[0,2],"16":[2,0],"17":[1,1],"18":[0,1],"19":[1,2,0,2],"20":[1,0],"21":[1,1],"22":[0,0],"23":[0,0],"24":[0,0],"25":[0,0],"26":[0,0],"27":[0,0],"28":[0,0]},"f":{"1":2,"2":2,"3":2,"4":2,"5":2,"6":2,"7":2,"8":2,"9":3,"10":1,"11":6,"12":0},"fnMap":{"1":{"name":"(anonymous_1)","line":26,"loc":{"start":{"line":26,"column":1},"end":{"line":26,"column":13}}},"2":{"name":"(anonymous_2)","line":33,"loc":{"start":{"line":33,"column":5},"end":{"line":33,"column":17}}},"3":{"name":"(anonymous_3)","line":37,"loc":{"start":{"line":37,"column":24},"end":{"line":37,"column":36}}},"4":{"name":"(anonymous_4)","line":69,"loc":{"start":{"line":69,"column":31},"end":{"line":69,"column":48}},"skip":true},"5":{"name":"(anonymous_5)","line":78,"loc":{"start":{"line":78,"column":26},"end":{"line":78,"column":45}},"skip":true},"6":{"name":"(anonymous_6)","line":123,"loc":{"start":{"line":123,"column":33},"end":{"line":123,"column":48}},"skip":true},"7":{"name":"(anonymous_7)","line":125,"loc":{"start":{"line":125,"column":27},"end":{"line":125,"column":39}},"skip":true},"8":{"name":"(anonymous_8)","line":133,"loc":{"start":{"line":133,"column":59},"end":{"line":133,"column":74}},"skip":true},"9":{"name":"(anonymous_9)","line":143,"loc":{"start":{"line":143,"column":45},"end":{"line":143,"column":62}},"skip":true},"10":{"name":"(anonymous_10)","line":144,"loc":{"start":{"line":144,"column":73},"end":{"line":144,"column":92}},"skip":true},"11":{"name":"(anonymous_11)","line":272,"loc":{"start":{"line":272,"column":51},"end":{"line":272,"column":77}},"skip":true},"12":{"name":"(anonymous_12)","line":314,"loc":{"start":{"line":314,"column":32},"end":{"line":314,"column":61}},"skip":true}},"statementMap":{"1":{"start":{"line":26,"column":0},"end":{"line":325,"column":5}},"2":{"start":{"line":28,"column":4},"end":{"line":28,"column":14}},"3":{"start":{"line":33,"column":4},"end":{"line":60,"column":9}},"4":{"start":{"line":35,"column":8},"end":{"line":35,"column":19}},"5":{"start":{"line":37,"column":8},"end":{"line":49,"column":13}},"6":{"start":{"line":38,"column":12},"end":{"line":48,"column":13}},"7":{"start":{"line":39,"column":16},"end":{"line":42,"column":30}},"8":{"start":{"line":44,"column":16},"end":{"line":47,"column":27}},"9":{"start":{"line":51,"column":8},"end":{"line":53,"column":21}},"10":{"start":{"line":55,"column":8},"end":{"line":57,"column":45}},"11":{"start":{"line":59,"column":8},"end":{"line":59,"column":35}},"12":{"start":{"line":61,"column":4},"end":{"line":324,"column":5}},"13":{"start":{"line":69,"column":8},"end":{"line":121,"column":10},"skip":true},"14":{"start":{"line":70,"column":12},"end":{"line":88,"column":13},"skip":true},"15":{"start":{"line":76,"column":16},"end":{"line":87,"column":19},"skip":true},"16":{"start":{"line":79,"column":20},"end":{"line":86,"column":21},"skip":true},"17":{"start":{"line":82,"column":24},"end":{"line":82,"column":43},"skip":true},"18":{"start":{"line":83,"column":24},"end":{"line":83,"column":30},"skip":true},"19":{"start":{"line":85,"column":24},"end":{"line":85,"column":49},"skip":true},"20":{"start":{"line":89,"column":12},"end":{"line":107,"column":13},"skip":true},"21":{"start":{"line":92,"column":16},"end":{"line":102,"column":17},"skip":true},"22":{"start":{"line":93,"column":20},"end":{"line":93,"column":86},"skip":true},"23":{"start":{"line":94,"column":20},"end":{"line":95,"column":45},"skip":true},"24":{"start":{"line":96,"column":20},"end":{"line":96,"column":42},"skip":true},"25":{"start":{"line":97,"column":20},"end":{"line":97,"column":48},"skip":true},"26":{"start":{"line":100,"column":20},"end":{"line":100,"column":85},"skip":true},"27":{"start":{"line":101,"column":20},"end":{"line":101,"column":96},"skip":true},"28":{"start":{"line":103,"column":16},"end":{"line":103,"column":22},"skip":true},"29":{"start":{"line":106,"column":16},"end":{"line":106,"column":22},"skip":true},"30":{"start":{"line":108,"column":12},"end":{"line":120,"column":13},"skip":true},"31":{"start":{"line":114,"column":16},"end":{"line":119,"column":17},"skip":true},"32":{"start":{"line":116,"column":20},"end":{"line":116,"column":78},"skip":true},"33":{"start":{"line":118,"column":20},"end":{"line":118,"column":47},"skip":true},"34":{"start":{"line":123,"column":8},"end":{"line":141,"column":11},"skip":true},"35":{"start":{"line":124,"column":12},"end":{"line":124,"column":54},"skip":true},"36":{"start":{"line":125,"column":12},"end":{"line":140,"column":14},"skip":true},"37":{"start":{"line":126,"column":16},"end":{"line":126,"column":28},"skip":true},"38":{"start":{"line":127,"column":16},"end":{"line":127,"column":69},"skip":true},"39":{"start":{"line":128,"column":16},"end":{"line":128,"column":75},"skip":true},"40":{"start":{"line":129,"column":16},"end":{"line":131,"column":17},"skip":true},"41":{"start":{"line":130,"column":20},"end":{"line":130,"column":27},"skip":true},"42":{"start":{"line":133,"column":16},"end":{"line":137,"column":36},"skip":true},"43":{"start":{"line":134,"column":20},"end":{"line":136,"column":55},"skip":true},"44":{"start":{"line":139,"column":16},"end":{"line":139,"column":57},"skip":true},"45":{"start":{"line":143,"column":8},"end":{"line":147,"column":11},"skip":true},"46":{"start":{"line":144,"column":12},"end":{"line":146,"column":15},"skip":true},"47":{"start":{"line":145,"column":16},"end":{"line":145,"column":70},"skip":true},"48":{"start":{"line":149,"column":8},"end":{"line":149,"column":31},"skip":true},"49":{"start":{"line":150,"column":8},"end":{"line":150,"column":14},"skip":true},"50":{"start":{"line":158,"column":8},"end":{"line":158,"column":31},"skip":true},"51":{"start":{"line":160,"column":8},"end":{"line":160,"column":33},"skip":true},"52":{"start":{"line":161,"column":8},"end":{"line":161,"column":37},"skip":true},"53":{"start":{"line":162,"column":8},"end":{"line":162,"column":35},"skip":true},"54":{"start":{"line":164,"column":8},"end":{"line":164,"column":50},"skip":true},"55":{"start":{"line":166,"column":8},"end":{"line":256,"column":2},"skip":true},"56":{"start":{"line":258,"column":8},"end":{"line":286,"column":9},"skip":true},"57":{"start":{"line":259,"column":12},"end":{"line":269,"column":14},"skip":true},"58":{"start":{"line":271,"column":12},"end":{"line":285,"column":19},"skip":true},"59":{"start":{"line":274,"column":20},"end":{"line":274,"column":35},"skip":true},"60":{"start":{"line":275,"column":20},"end":{"line":284,"column":21},"skip":true},"61":{"start":{"line":277,"column":24},"end":{"line":277,"column":64},"skip":true},"62":{"start":{"line":279,"column":24},"end":{"line":279,"column":40},"skip":true},"63":{"start":{"line":281,"column":24},"end":{"line":281,"column":40},"skip":true},"64":{"start":{"line":283,"column":24},"end":{"line":283,"column":39},"skip":true},"65":{"start":{"line":288,"column":8},"end":{"line":290,"column":9},"skip":true},"66":{"start":{"line":289,"column":12},"end":{"line":289,"column":18},"skip":true},"67":{"start":{"line":291,"column":8},"end":{"line":293,"column":54},"skip":true},"68":{"start":{"line":294,"column":8},"end":{"line":301,"column":37},"skip":true},"69":{"start":{"line":302,"column":8},"end":{"line":302,"column":82},"skip":true},"70":{"start":{"line":305,"column":8},"end":{"line":307,"column":9},"skip":true},"71":{"start":{"line":306,"column":12},"end":{"line":306,"column":82},"skip":true},"72":{"start":{"line":309,"column":8},"end":{"line":311,"column":9},"skip":true},"73":{"start":{"line":310,"column":12},"end":{"line":310,"column":18},"skip":true},"74":{"start":{"line":312,"column":8},"end":{"line":312,"column":54},"skip":true},"75":{"start":{"line":313,"column":8},"end":{"line":313,"column":69},"skip":true},"76":{"start":{"line":314,"column":8},"end":{"line":322,"column":36},"skip":true},"77":{"start":{"line":315,"column":12},"end":{"line":315,"column":61},"skip":true},"78":{"start":{"line":316,"column":12},"end":{"line":319,"column":13},"skip":true},"79":{"start":{"line":317,"column":16},"end":{"line":317,"column":75},"skip":true},"80":{"start":{"line":318,"column":16},"end":{"line":318,"column":23},"skip":true},"81":{"start":{"line":320,"column":12},"end":{"line":320,"column":38},"skip":true},"82":{"start":{"line":321,"column":12},"end":{"line":321,"column":27},"skip":true},"83":{"start":{"line":323,"column":8},"end":{"line":323,"column":14},"skip":true}},"branchMap":{"1":{"line":39,"type":"binary-expr","locations":[{"start":{"line":39,"column":23},"end":{"line":39,"column":62}},{"start":{"line":40,"column":20},"end":{"line":40,"column":70}},{"start":{"line":41,"column":20},"end":{"line":41,"column":71}},{"start":{"line":42,"column":20},"end":{"line":42,"column":29}}]},"2":{"line":44,"type":"binary-expr","locations":[{"start":{"line":44,"column":23},"end":{"line":44,"column":37}},{"start":{"line":45,"column":20},"end":{"line":45,"column":61}},{"start":{"line":46,"column":20},"end":{"line":46,"column":70}},{"start":{"line":47,"column":20},"end":{"line":47,"column":26}}]},"3":{"line":51,"type":"cond-expr","locations":[{"start":{"line":52,"column":14},"end":{"line":52,"column":20}},{"start":{"line":53,"column":14},"end":{"line":53,"column":20}}]},"4":{"line":55,"type":"binary-expr","locations":[{"start":{"line":55,"column":16},"end":{"line":55,"column":44}},{"start":{"line":55,"column":49},"end":{"line":57,"column":43}}]},"5":{"line":55,"type":"cond-expr","locations":[{"start":{"line":56,"column":14},"end":{"line":56,"column":53}},{"start":{"line":57,"column":14},"end":{"line":57,"column":43}}]},"6":{"line":61,"type":"switch","locations":[{"start":{"line":68,"column":4},"end":{"line":150,"column":14},"skip":true},{"start":{"line":156,"column":4},"end":{"line":323,"column":14},"skip":true}]},"7":{"line":70,"type":"if","locations":[{"start":{"line":70,"column":12},"end":{"line":70,"column":12},"skip":true},{"start":{"line":70,"column":12},"end":{"line":70,"column":12},"skip":true}]},"8":{"line":70,"type":"binary-expr","locations":[{"start":{"line":70,"column":16},"end":{"line":70,"column":22},"skip":true},{"start":{"line":70,"column":27},"end":{"line":70,"column":32},"skip":true},{"start":{"line":71,"column":20},"end":{"line":71,"column":39},"skip":true},{"start":{"line":72,"column":20},"end":{"line":72,"column":49},"skip":true},{"start":{"line":73,"column":20},"end":{"line":73,"column":58},"skip":true},{"start":{"line":74,"column":20},"end":{"line":74,"column":69},"skip":true}]},"9":{"line":79,"type":"switch","locations":[{"start":{"line":80,"column":20},"end":{"line":80,"column":33},"skip":true},{"start":{"line":81,"column":20},"end":{"line":83,"column":30},"skip":true},{"start":{"line":84,"column":20},"end":{"line":85,"column":49},"skip":true}]},"10":{"line":89,"type":"switch","locations":[{"start":{"line":90,"column":12},"end":{"line":103,"column":22},"skip":true},{"start":{"line":105,"column":12},"end":{"line":106,"column":22},"skip":true}]},"11":{"line":89,"type":"binary-expr","locations":[{"start":{"line":89,"column":20},"end":{"line":89,"column":25},"skip":true},{"start":{"line":89,"column":29},"end":{"line":89,"column":48},"skip":true},{"start":{"line":89,"column":52},"end":{"line":89,"column":74},"skip":true}]},"12":{"line":92,"type":"if","locations":[{"start":{"line":92,"column":16},"end":{"line":92,"column":16},"skip":true},{"start":{"line":92,"column":16},"end":{"line":92,"column":16},"skip":true}]},"13":{"line":108,"type":"if","locations":[{"start":{"line":108,"column":12},"end":{"line":108,"column":12},"skip":true},{"start":{"line":108,"column":12},"end":{"line":108,"column":12},"skip":true}]},"14":{"line":108,"type":"binary-expr","locations":[{"start":{"line":108,"column":16},"end":{"line":108,"column":61},"skip":true},{"start":{"line":108,"column":66},"end":{"line":108,"column":72},"skip":true},{"start":{"line":108,"column":77},"end":{"line":108,"column":82},"skip":true},{"start":{"line":109,"column":20},"end":{"line":109,"column":39},"skip":true},{"start":{"line":110,"column":20},"end":{"line":110,"column":49},"skip":true},{"start":{"line":111,"column":20},"end":{"line":111,"column":58},"skip":true},{"start":{"line":112,"column":20},"end":{"line":112,"column":68},"skip":true}]},"15":{"line":129,"type":"if","locations":[{"start":{"line":129,"column":16},"end":{"line":129,"column":16},"skip":true},{"start":{"line":129,"column":16},"end":{"line":129,"column":16},"skip":true}]},"16":{"line":134,"type":"cond-expr","locations":[{"start":{"line":135,"column":26},"end":{"line":135,"column":29},"skip":true},{"start":{"line":136,"column":26},"end":{"line":136,"column":54},"skip":true}]},"17":{"line":164,"type":"binary-expr","locations":[{"start":{"line":164,"column":27},"end":{"line":164,"column":43},"skip":true},{"start":{"line":164,"column":47},"end":{"line":164,"column":49},"skip":true}]},"18":{"line":258,"type":"if","locations":[{"start":{"line":258,"column":8},"end":{"line":258,"column":8},"skip":true},{"start":{"line":258,"column":8},"end":{"line":258,"column":8},"skip":true}]},"19":{"line":275,"type":"switch","locations":[{"start":{"line":276,"column":20},"end":{"line":277,"column":64},"skip":true},{"start":{"line":278,"column":20},"end":{"line":279,"column":40},"skip":true},{"start":{"line":280,"column":20},"end":{"line":281,"column":40},"skip":true},{"start":{"line":282,"column":20},"end":{"line":283,"column":39},"skip":true}]},"20":{"line":288,"type":"if","locations":[{"start":{"line":288,"column":8},"end":{"line":288,"column":8},"skip":true},{"start":{"line":288,"column":8},"end":{"line":288,"column":8},"skip":true}]},"21":{"line":288,"type":"binary-expr","locations":[{"start":{"line":288,"column":12},"end":{"line":288,"column":40},"skip":true},{"start":{"line":288,"column":44},"end":{"line":288,"column":67},"skip":true}]},"22":{"line":292,"type":"binary-expr","locations":[{"start":{"line":292,"column":12},"end":{"line":292,"column":50},"skip":true},{"start":{"line":293,"column":12},"end":{"line":293,"column":53},"skip":true}]},"23":{"line":295,"type":"binary-expr","locations":[{"start":{"line":295,"column":12},"end":{"line":295,"column":67},"skip":true},{"start":{"line":296,"column":12},"end":{"line":301,"column":36},"skip":true}]},"24":{"line":302,"type":"binary-expr","locations":[{"start":{"line":302,"column":43},"end":{"line":302,"column":75},"skip":true},{"start":{"line":302,"column":79},"end":{"line":302,"column":81},"skip":true}]},"25":{"line":305,"type":"if","locations":[{"start":{"line":305,"column":8},"end":{"line":305,"column":8},"skip":true},{"start":{"line":305,"column":8},"end":{"line":305,"column":8},"skip":true}]},"26":{"line":309,"type":"if","locations":[{"start":{"line":309,"column":8},"end":{"line":309,"column":8},"skip":true},{"start":{"line":309,"column":8},"end":{"line":309,"column":8},"skip":true}]},"27":{"line":312,"type":"binary-expr","locations":[{"start":{"line":312,"column":27},"end":{"line":312,"column":43},"skip":true},{"start":{"line":312,"column":47},"end":{"line":312,"column":53},"skip":true}]},"28":{"line":316,"type":"if","locations":[{"start":{"line":316,"column":12},"end":{"line":316,"column":12},"skip":true},{"start":{"line":316,"column":12},"end":{"line":316,"column":12},"skip":true}]}},"code":["/*","example.js","","quickstart example","","instruction","    1. save this script as example.js","    2. run the shell command:","        $ npm install npmtest-columnify && PORT=8081 node example.js","    3. play with the browser-demo on http://127.0.0.1:8081","*/","","","","/* istanbul instrument in package npmtest_columnify */","/*jslint","    bitwise: true,","    browser: true,","    maxerr: 8,","    maxlen: 96,","    node: true,","    nomen: true,","    regexp: true,","    stupid: true","*/","(function () {","    'use strict';","    var local;","","","","    // run shared js-env code - pre-init","    (function () {","        // init local","        local = {};","        // init modeJs","        local.modeJs = (function () {","            try {","                return typeof navigator.userAgent === 'string' &&","                    typeof document.querySelector('body') === 'object' &&","                    typeof XMLHttpRequest.prototype.open === 'function' &&","                    'browser';","            } catch (errorCaughtBrowser) {","                return module.exports &&","                    typeof process.versions.node === 'string' &&","                    typeof require('http').createServer === 'function' &&","                    'node';","            }","        }());","        // init global","        local.global = local.modeJs === 'browser'","            ? window","            : global;","        // init utility2_rollup","        local = local.global.utility2_rollup || (local.modeJs === 'browser'","            ? local.global.utility2_npmtest_columnify","            : global.utility2_moduleExports);","        // export local","        local.global.local = local;","    }());","    switch (local.modeJs) {","","","","    // post-init","    // run browser js-env code - post-init","    /* istanbul ignore next */","    case 'browser':","        local.testRunBrowser = function (event) {","            if (!event || (event &&","                    event.currentTarget &&","                    event.currentTarget.className &&","                    event.currentTarget.className.includes &&","                    event.currentTarget.className.includes('onreset'))) {","                // reset output","                Array.from(","                    document.querySelectorAll('body > .resettable')","                ).forEach(function (element) {","                    switch (element.tagName) {","                    case 'INPUT':","                    case 'TEXTAREA':","                        element.value = '';","                        break;","                    default:","                        element.textContent = '';","                    }","                });","            }","            switch (event && event.currentTarget && event.currentTarget.id) {","            case 'testRunButton1':","                // show tests","                if (document.querySelector('#testReportDiv1').style.display === 'none') {","                    document.querySelector('#testReportDiv1').style.display = 'block';","                    document.querySelector('#testRunButton1').textContent =","                        'hide internal test';","                    local.modeTest = true;","                    local.testRunDefault(local);","                // hide tests","                } else {","                    document.querySelector('#testReportDiv1').style.display = 'none';","                    document.querySelector('#testRunButton1').textContent = 'run internal test';","                }","                break;","            // custom-case","            default:","                break;","            }","            if (document.querySelector('#inputTextareaEval1') && (!event || (event &&","                    event.currentTarget &&","                    event.currentTarget.className &&","                    event.currentTarget.className.includes &&","                    event.currentTarget.className.includes('oneval')))) {","                // try to eval input-code","                try {","                    /*jslint evil: true*/","                    eval(document.querySelector('#inputTextareaEval1').value);","                } catch (errorCaught) {","                    console.error(errorCaught);","                }","            }","        };","        // log stderr and stdout to #outputTextareaStdout1","        ['error', 'log'].forEach(function (key) {","            console[key + '_original'] = console[key];","            console[key] = function () {","                var element;","                console[key + '_original'].apply(console, arguments);","                element = document.querySelector('#outputTextareaStdout1');","                if (!element) {","                    return;","                }","                // append text to #outputTextareaStdout1","                element.value += Array.from(arguments).map(function (arg) {","                    return typeof arg === 'string'","                        ? arg","                        : JSON.stringify(arg, null, 4);","                }).join(' ') + '\\n';","                // scroll textarea to bottom","                element.scrollTop = element.scrollHeight;","            };","        });","        // init event-handling","        ['change', 'click', 'keyup'].forEach(function (event) {","            Array.from(document.querySelectorAll('.on' + event)).forEach(function (element) {","                element.addEventListener(event, local.testRunBrowser);","            });","        });","        // run tests","        local.testRunBrowser();","        break;","","","","    // run node js-env code - post-init","    /* istanbul ignore next */","    case 'node':","        // export local","        module.exports = local;","        // require modules","        local.fs = require('fs');","        local.http = require('http');","        local.url = require('url');","        // init assets","        local.assetsDict = local.assetsDict || {};","        /* jslint-ignore-begin */","        local.assetsDict['/assets.index.template.html'] = '\\","<!doctype html>\\n\\","<html lang=\"en\">\\n\\","<head>\\n\\","<meta charset=\"UTF-8\">\\n\\","<meta name=\"viewport\" content=\"width=device-width, initial-scale=1\">\\n\\","<title>{{env.npm_package_name}} (v{{env.npm_package_version}})</title>\\n\\","<style>\\n\\","/*csslint\\n\\","    box-sizing: false,\\n\\","    universal-selector: false\\n\\","*/\\n\\","* {\\n\\","    box-sizing: border-box;\\n\\","}\\n\\","body {\\n\\","    background: #dde;\\n\\","    font-family: Arial, Helvetica, sans-serif;\\n\\","    margin: 2rem;\\n\\","}\\n\\","body > * {\\n\\","    margin-bottom: 1rem;\\n\\","}\\n\\",".utility2FooterDiv {\\n\\","    margin-top: 20px;\\n\\","    text-align: center;\\n\\","}\\n\\","</style>\\n\\","<style>\\n\\","/*csslint\\n\\","*/\\n\\","textarea {\\n\\","    font-family: monospace;\\n\\","    height: 10rem;\\n\\","    width: 100%;\\n\\","}\\n\\","textarea[readonly] {\\n\\","    background: #ddd;\\n\\","}\\n\\","</style>\\n\\","</head>\\n\\","<body>\\n\\","<!-- utility2-comment\\n\\","<div id=\"ajaxProgressDiv1\" style=\"background: #d00; height: 2px; left: 0; margin: 0; padding: 0; position: fixed; top: 0; transition: background 0.5s, width 1.5s; width: 25%;\"></div>\\n\\","utility2-comment -->\\n\\","<h1>\\n\\","<!-- utility2-comment\\n\\","    <a\\n\\","        {{#if env.npm_package_homepage}}\\n\\","        href=\"{{env.npm_package_homepage}}\"\\n\\","        {{/if env.npm_package_homepage}}\\n\\","        target=\"_blank\"\\n\\","    >\\n\\","utility2-comment -->\\n\\","        {{env.npm_package_name}} (v{{env.npm_package_version}})\\n\\","<!-- utility2-comment\\n\\","    </a>\\n\\","utility2-comment -->\\n\\","</h1>\\n\\","<h3>{{env.npm_package_description}}</h3>\\n\\","<!-- utility2-comment\\n\\","<h4><a download href=\"assets.app.js\">download standalone app</a></h4>\\n\\","<button class=\"onclick onreset\" id=\"testRunButton1\">run internal test</button><br>\\n\\","<div id=\"testReportDiv1\" style=\"display: none;\"></div>\\n\\","utility2-comment -->\\n\\","\\n\\","\\n\\","\\n\\","<label>stderr and stdout</label>\\n\\","<textarea class=\"resettable\" id=\"outputTextareaStdout1\" readonly></textarea>\\n\\","<!-- utility2-comment\\n\\","{{#if isRollup}}\\n\\","<script src=\"assets.app.js\"></script>\\n\\","{{#unless isRollup}}\\n\\","utility2-comment -->\\n\\","<script src=\"assets.utility2.rollup.js\"></script>\\n\\","<script src=\"jsonp.utility2._stateInit?callback=window.utility2._stateInit\"></script>\\n\\","<script src=\"assets.npmtest_columnify.rollup.js\"></script>\\n\\","<script src=\"assets.example.js\"></script>\\n\\","<script src=\"assets.test.js\"></script>\\n\\","<!-- utility2-comment\\n\\","{{/if isRollup}}\\n\\","utility2-comment -->\\n\\","<div class=\"utility2FooterDiv\">\\n\\","    [ this app was created with\\n\\","    <a href=\"https://github.com/kaizhu256/node-utility2\" target=\"_blank\">utility2</a>\\n\\","    ]\\n\\","</div>\\n\\","</body>\\n\\","</html>\\n\\","';","        /* jslint-ignore-end */","        if (local.templateRender) {","            local.assetsDict['/'] = local.templateRender(","                local.assetsDict['/assets.index.template.html'],","                {","                    env: local.objectSetDefault(local.env, {","                        npm_package_description: 'the greatest app in the world!',","                        npm_package_name: 'my-app',","                        npm_package_nameAlias: 'my_app',","                        npm_package_version: '0.0.1'","                    })","                }","            );","        } else {","            local.assetsDict['/'] = local.assetsDict['/assets.index.template.html']","                .replace((/\\{\\{env\\.(\\w+?)\\}\\}/g), function (match0, match1) {","                    // jslint-hack","                    String(match0);","                    switch (match1) {","                    case 'npm_package_description':","                        return 'the greatest app in the world!';","                    case 'npm_package_name':","                        return 'my-app';","                    case 'npm_package_nameAlias':","                        return 'my_app';","                    case 'npm_package_version':","                        return '0.0.1';","                    }","                });","        }","        // run the cli","        if (local.global.utility2_rollup || module !== require.main) {","            break;","        }","        local.assetsDict['/assets.example.js'] =","            local.assetsDict['/assets.example.js'] ||","            local.fs.readFileSync(__filename, 'utf8');","        local.assetsDict['/assets.npmtest_columnify.rollup.js'] =","            local.assetsDict['/assets.npmtest_columnify.rollup.js'] ||","            local.fs.readFileSync(","                // buildCustomOrg-hack","                local.npmtest_columnify.__dirname +","                    '/lib.npmtest_columnify.js',","                'utf8'","            ).replace((/^#!/), '//');","        local.assetsDict['/favicon.ico'] = local.assetsDict['/favicon.ico'] || '';","        // if $npm_config_timeout_exit exists,","        // then exit this process after $npm_config_timeout_exit ms","        if (Number(process.env.npm_config_timeout_exit)) {","            setTimeout(process.exit, Number(process.env.npm_config_timeout_exit));","        }","        // start server","        if (local.global.utility2_serverHttp1) {","            break;","        }","        process.env.PORT = process.env.PORT || '8081';","        console.error('server starting on port ' + process.env.PORT);","        local.http.createServer(function (request, response) {","            request.urlParsed = local.url.parse(request.url);","            if (local.assetsDict[request.urlParsed.pathname] !== undefined) {","                response.end(local.assetsDict[request.urlParsed.pathname]);","                return;","            }","            response.statusCode = 404;","            response.end();","        }).listen(process.env.PORT);","        break;","    }","}());",""],"l":{"26":2,"28":2,"33":2,"35":2,"37":2,"38":2,"39":2,"44":1,"51":2,"55":2,"59":2,"61":2,"69":1,"70":2,"76":2,"79":2,"82":2,"83":2,"85":1,"89":2,"92":1,"93":1,"94":1,"96":1,"97":1,"100":1,"101":1,"103":1,"106":1,"108":2,"114":1,"116":1,"118":1,"123":1,"124":2,"125":2,"126":2,"127":2,"128":2,"129":2,"130":1,"133":2,"134":2,"139":2,"143":1,"144":3,"145":1,"149":1,"150":1,"158":1,"160":1,"161":1,"162":1,"164":1,"166":1,"258":1,"259":1,"271":1,"274":6,"275":6,"277":1,"279":2,"281":1,"283":2,"288":1,"289":1,"291":1,"294":1,"302":1,"305":1,"306":1,"309":1,"310":1,"312":1,"313":1,"314":1,"315":1,"316":1,"317":1,"318":1,"320":1,"321":1,"323":1}},"/home/travis/build/npmtest/node-npmtest-columnify/columnify/columnify.js":{"path":"/home/travis/build/npmtest/node-npmtest-columnify/columnify/columnify.js","s":{"1":1,"2":1,"3":1,"4":1,"5":1,"6":1,"7":1,"8":1,"9":1,"10":0,"11":1,"12":0,"13":1,"14":1,"15":0,"16":0,"17":0,"18":0,"19":0,"20":0,"21":0,"22":0,"23":0,"24":0,"25":0,"26":0,"27":0,"28":0,"29":0,"30":0,"31":0,"32":0,"33":0,"34":0,"35":0,"36":0,"37":0,"38":0,"39":0,"40":0,"41":0,"42":0,"43":0,"44":0,"45":0,"46":0,"47":0,"48":0,"49":0,"50":0,"51":0,"52":0,"53":0,"54":0,"55":0,"56":0,"57":0,"58":0,"59":0,"60":0,"61":0,"62":0,"63":0,"64":0,"65":0,"66":0,"67":0,"68":0,"69":0,"70":0,"71":0,"72":0,"73":0,"74":0,"75":0,"76":0,"77":0,"78":0,"79":0,"80":0,"81":0,"82":0,"83":0,"84":0,"85":0,"86":0,"87":0,"88":0,"89":0,"90":0,"91":0,"92":0,"93":0,"94":0,"95":0,"96":0,"97":0,"98":0,"99":0,"100":0,"101":0,"102":0,"103":0,"104":0,"105":0,"106":0,"107":0,"108":0,"109":0,"110":0,"111":0,"112":0,"113":0,"114":0,"115":0,"116":0,"117":1,"118":0,"119":0,"120":0,"121":0,"122":0,"123":0,"124":0,"125":0,"126":0,"127":0,"128":0,"129":0,"130":0,"131":0,"132":0,"133":0,"134":0,"135":0,"136":1,"137":0,"138":0,"139":0,"140":0,"141":1,"142":0,"143":0,"144":0,"145":0,"146":0,"147":0,"148":0,"149":0,"150":0,"151":0,"152":0,"153":0,"154":0,"155":0,"156":0,"157":0,"158":0,"159":0,"160":0,"161":0,"162":0,"163":0,"164":1,"165":0,"166":0,"167":0,"168":0,"169":1,"170":0,"171":0,"172":0,"173":0,"174":0,"175":0,"176":0,"177":0,"178":0},"b":{"1":[0,0],"2":[0,0],"3":[0,0],"4":[0,0],"5":[0,0],"6":[0,0],"7":[0,0],"8":[0,0],"9":[0,0],"10":[0,0],"11":[0,0],"12":[0,0],"13":[0,0],"14":[0,0],"15":[0,0],"16":[0,0],"17":[0,0],"18":[0,0],"19":[0,0],"20":[0,0],"21":[0,0],"22":[0,0],"23":[0,0],"24":[0,0],"25":[0,0],"26":[0,0],"27":[0,0],"28":[0,0],"29":[0,0],"30":[0,0],"31":[0,0],"32":[0,0],"33":[0,0],"34":[0,0],"35":[0,0],"36":[0,0],"37":[0,0],"38":[0,0],"39":[0,0],"40":[0,0],"41":[0,0],"42":[0,0],"43":[0,0],"44":[0,0]},"f":{"1":0,"2":0,"3":0,"4":0,"5":0,"6":0,"7":0,"8":0,"9":0,"10":0,"11":0,"12":0,"13":0,"14":0,"15":0,"16":0,"17":0,"18":0,"19":0,"20":0,"21":0,"22":0,"23":0,"24":0,"25":0,"26":0,"27":0,"28":0,"29":0,"30":0,"31":0,"32":0,"33":0,"34":0,"35":0,"36":0},"fnMap":{"1":{"name":"DEFAULT_HEADING_TRANSFORM","line":14,"loc":{"start":{"line":14,"column":32},"end":{"line":14,"column":72}}},"2":{"name":"DEFAULT_DATA_TRANSFORM","line":18,"loc":{"start":{"line":18,"column":29},"end":{"line":18,"column":82}}},"3":{"name":"(anonymous_3)","line":35,"loc":{"start":{"line":35,"column":17},"end":{"line":35,"column":34}}},"4":{"name":"(anonymous_4)","line":61,"loc":{"start":{"line":61,"column":18},"end":{"line":61,"column":34}}},"5":{"name":"(anonymous_5)","line":69,"loc":{"start":{"line":69,"column":35},"end":{"line":69,"column":66}}},"6":{"name":"(anonymous_6)","line":76,"loc":{"start":{"line":76,"column":22},"end":{"line":76,"column":44}}},"7":{"name":"(anonymous_7)","line":86,"loc":{"start":{"line":86,"column":20},"end":{"line":86,"column":36}}},"8":{"name":"(anonymous_8)","line":88,"loc":{"start":{"line":88,"column":24},"end":{"line":88,"column":46}}},"9":{"name":"(anonymous_9)","line":105,"loc":{"start":{"line":105,"column":22},"end":{"line":105,"column":44}}},"10":{"name":"(anonymous_10)","line":107,"loc":{"start":{"line":107,"column":22},"end":{"line":107,"column":45}}},"11":{"name":"(anonymous_11)","line":115,"loc":{"start":{"line":115,"column":34},"end":{"line":115,"column":53}}},"12":{"name":"(anonymous_12)","line":119,"loc":{"start":{"line":119,"column":26},"end":{"line":119,"column":41}}},"13":{"name":"(anonymous_13)","line":129,"loc":{"start":{"line":129,"column":24},"end":{"line":129,"column":46}}},"14":{"name":"(anonymous_14)","line":143,"loc":{"start":{"line":143,"column":22},"end":{"line":143,"column":44}}},"15":{"name":"(anonymous_15)","line":145,"loc":{"start":{"line":145,"column":29},"end":{"line":145,"column":45}}},"16":{"name":"(anonymous_16)","line":147,"loc":{"start":{"line":147,"column":14},"end":{"line":147,"column":34}}},"17":{"name":"(anonymous_17)","line":155,"loc":{"start":{"line":155,"column":22},"end":{"line":155,"column":44}}},"18":{"name":"(anonymous_18)","line":157,"loc":{"start":{"line":157,"column":22},"end":{"line":157,"column":38}}},"19":{"name":"(anonymous_19)","line":164,"loc":{"start":{"line":164,"column":22},"end":{"line":164,"column":44}}},"20":{"name":"(anonymous_20)","line":166,"loc":{"start":{"line":166,"column":22},"end":{"line":166,"column":45}}},"21":{"name":"(anonymous_21)","line":182,"loc":{"start":{"line":182,"column":22},"end":{"line":182,"column":44}}},"22":{"name":"(anonymous_22)","line":184,"loc":{"start":{"line":184,"column":29},"end":{"line":184,"column":45}}},"23":{"name":"(anonymous_23)","line":185,"loc":{"start":{"line":185,"column":37},"end":{"line":185,"column":57}}},"24":{"name":"(anonymous_24)","line":189,"loc":{"start":{"line":189,"column":14},"end":{"line":189,"column":34}}},"25":{"name":"(anonymous_25)","line":197,"loc":{"start":{"line":197,"column":21},"end":{"line":197,"column":44}}},"26":{"name":"(anonymous_26)","line":198,"loc":{"start":{"line":198,"column":36},"end":{"line":198,"column":60}}},"27":{"name":"(anonymous_27)","line":201,"loc":{"start":{"line":201,"column":13},"end":{"line":201,"column":29}}},"28":{"name":"createRows","line":215,"loc":{"start":{"line":215,"column":0},"end":{"line":215,"column":61}}},"29":{"name":"(anonymous_29)","line":216,"loc":{"start":{"line":216,"column":19},"end":{"line":216,"column":35}}},"30":{"name":"(anonymous_30)","line":219,"loc":{"start":{"line":219,"column":24},"end":{"line":219,"column":46}}},"31":{"name":"_loop","line":224,"loc":{"start":{"line":224,"column":16},"end":{"line":224,"column":34}}},"32":{"name":"(anonymous_32)","line":226,"loc":{"start":{"line":226,"column":26},"end":{"line":226,"column":48}}},"33":{"name":"mixin","line":246,"loc":{"start":{"line":246,"column":0},"end":{"line":246,"column":17}}},"34":{"name":"ObjectAssign","line":253,"loc":{"start":{"line":253,"column":0},"end":{"line":253,"column":43}}},"35":{"name":"endsWith","line":290,"loc":{"start":{"line":290,"column":0},"end":{"line":290,"column":50}}},"36":{"name":"toArray","line":297,"loc":{"start":{"line":297,"column":0},"end":{"line":297,"column":37}}}},"statementMap":{"1":{"start":{"line":3,"column":0},"end":{"line":3,"column":33}},"2":{"start":{"line":5,"column":0},"end":{"line":5,"column":34}},"3":{"start":{"line":7,"column":0},"end":{"line":7,"column":33}},"4":{"start":{"line":8,"column":0},"end":{"line":8,"column":35}},"5":{"start":{"line":9,"column":0},"end":{"line":9,"column":31}},"6":{"start":{"line":10,"column":0},"end":{"line":10,"column":45}},"7":{"start":{"line":11,"column":0},"end":{"line":11,"column":45}},"8":{"start":{"line":12,"column":0},"end":{"line":12,"column":45}},"9":{"start":{"line":14,"column":0},"end":{"line":16,"column":2}},"10":{"start":{"line":15,"column":2},"end":{"line":15,"column":27}},"11":{"start":{"line":18,"column":0},"end":{"line":20,"column":2}},"12":{"start":{"line":19,"column":2},"end":{"line":19,"column":14}},"13":{"start":{"line":22,"column":0},"end":{"line":33,"column":3}},"14":{"start":{"line":35,"column":0},"end":{"line":204,"column":2}},"15":{"start":{"line":36,"column":2},"end":{"line":36,"column":88}},"16":{"start":{"line":38,"column":2},"end":{"line":38,"column":43}},"17":{"start":{"line":39,"column":2},"end":{"line":39,"column":24}},"18":{"start":{"line":41,"column":2},"end":{"line":41,"column":54}},"19":{"start":{"line":42,"column":2},"end":{"line":42,"column":81}},"20":{"start":{"line":42,"column":31},"end":{"line":42,"column":81}},"21":{"start":{"line":43,"column":2},"end":{"line":43,"column":30}},"22":{"start":{"line":47,"column":2},"end":{"line":47,"column":41}},"23":{"start":{"line":49,"column":2},"end":{"line":49,"column":57}},"24":{"start":{"line":51,"column":2},"end":{"line":51,"column":44}},"25":{"start":{"line":52,"column":2},"end":{"line":52,"column":56}},"26":{"start":{"line":53,"column":2},"end":{"line":53,"column":46}},"27":{"start":{"line":54,"column":2},"end":{"line":54,"column":55}},"28":{"start":{"line":55,"column":2},"end":{"line":55,"column":42}},"29":{"start":{"line":57,"column":2},"end":{"line":57,"column":38}},"30":{"start":{"line":60,"column":2},"end":{"line":66,"column":3}},"31":{"start":{"line":61,"column":4},"end":{"line":65,"column":7}},"32":{"start":{"line":62,"column":6},"end":{"line":64,"column":7}},"33":{"start":{"line":63,"column":8},"end":{"line":63,"column":81}},"34":{"start":{"line":63,"column":52},"end":{"line":63,"column":81}},"35":{"start":{"line":69,"column":2},"end":{"line":73,"column":26}},"36":{"start":{"line":70,"column":4},"end":{"line":70,"column":40}},"37":{"start":{"line":71,"column":4},"end":{"line":71,"column":67}},"38":{"start":{"line":72,"column":4},"end":{"line":72,"column":19}},"39":{"start":{"line":76,"column":2},"end":{"line":83,"column":5}},"40":{"start":{"line":77,"column":4},"end":{"line":77,"column":37}},"41":{"start":{"line":78,"column":4},"end":{"line":78,"column":29}},"42":{"start":{"line":79,"column":4},"end":{"line":79,"column":49}},"43":{"start":{"line":80,"column":4},"end":{"line":80,"column":49}},"44":{"start":{"line":81,"column":4},"end":{"line":81,"column":40}},"45":{"start":{"line":82,"column":4},"end":{"line":82,"column":42}},"46":{"start":{"line":86,"column":2},"end":{"line":102,"column":5}},"47":{"start":{"line":87,"column":4},"end":{"line":87,"column":37}},"48":{"start":{"line":88,"column":4},"end":{"line":100,"column":7}},"49":{"start":{"line":90,"column":6},"end":{"line":90,"column":76}},"50":{"start":{"line":92,"column":6},"end":{"line":92,"column":51}},"51":{"start":{"line":93,"column":6},"end":{"line":99,"column":7}},"52":{"start":{"line":95,"column":8},"end":{"line":95,"column":75}},"53":{"start":{"line":98,"column":8},"end":{"line":98,"column":70}},"54":{"start":{"line":101,"column":4},"end":{"line":101,"column":18}},"55":{"start":{"line":105,"column":2},"end":{"line":124,"column":5}},"56":{"start":{"line":106,"column":4},"end":{"line":106,"column":37}},"57":{"start":{"line":107,"column":4},"end":{"line":123,"column":7}},"58":{"start":{"line":108,"column":6},"end":{"line":108,"column":38}},"59":{"start":{"line":109,"column":6},"end":{"line":109,"column":76}},"60":{"start":{"line":111,"column":6},"end":{"line":111,"column":41}},"61":{"start":{"line":113,"column":6},"end":{"line":118,"column":7}},"62":{"start":{"line":114,"column":8},"end":{"line":114,"column":74}},"63":{"start":{"line":114,"column":67},"end":{"line":114,"column":74}},"64":{"start":{"line":115,"column":8},"end":{"line":117,"column":10}},"65":{"start":{"line":116,"column":10},"end":{"line":116,"column":25}},"66":{"start":{"line":119,"column":6},"end":{"line":121,"column":9}},"67":{"start":{"line":120,"column":8},"end":{"line":120,"column":38}},"68":{"start":{"line":122,"column":6},"end":{"line":122,"column":18}},"69":{"start":{"line":127,"column":2},"end":{"line":127,"column":19}},"70":{"start":{"line":128,"column":2},"end":{"line":140,"column":3}},"71":{"start":{"line":129,"column":4},"end":{"line":138,"column":7}},"72":{"start":{"line":130,"column":6},"end":{"line":130,"column":39}},"73":{"start":{"line":132,"column":6},"end":{"line":135,"column":7}},"74":{"start":{"line":133,"column":8},"end":{"line":133,"column":33}},"75":{"start":{"line":134,"column":8},"end":{"line":134,"column":15}},"76":{"start":{"line":137,"column":6},"end":{"line":137,"column":65}},"77":{"start":{"line":139,"column":4},"end":{"line":139,"column":27}},"78":{"start":{"line":143,"column":2},"end":{"line":152,"column":5}},"79":{"start":{"line":144,"column":4},"end":{"line":144,"column":37}},"80":{"start":{"line":145,"column":4},"end":{"line":151,"column":10}},"81":{"start":{"line":146,"column":6},"end":{"line":146,"column":30}},"82":{"start":{"line":149,"column":6},"end":{"line":149,"column":45}},"83":{"start":{"line":149,"column":34},"end":{"line":149,"column":45}},"84":{"start":{"line":150,"column":6},"end":{"line":150,"column":95}},"85":{"start":{"line":155,"column":2},"end":{"line":161,"column":5}},"86":{"start":{"line":156,"column":4},"end":{"line":156,"column":37}},"87":{"start":{"line":157,"column":4},"end":{"line":160,"column":7}},"88":{"start":{"line":158,"column":6},"end":{"line":158,"column":95}},"89":{"start":{"line":159,"column":6},"end":{"line":159,"column":18}},"90":{"start":{"line":164,"column":2},"end":{"line":179,"column":5}},"91":{"start":{"line":165,"column":4},"end":{"line":165,"column":37}},"92":{"start":{"line":166,"column":4},"end":{"line":178,"column":7}},"93":{"start":{"line":167,"column":6},"end":{"line":167,"column":34}},"94":{"start":{"line":168,"column":6},"end":{"line":168,"column":60}},"95":{"start":{"line":171,"column":6},"end":{"line":176,"column":7}},"96":{"start":{"line":172,"column":8},"end":{"line":172,"column":95}},"97":{"start":{"line":173,"column":8},"end":{"line":173,"column":44}},"98":{"start":{"line":174,"column":8},"end":{"line":174,"column":102}},"99":{"start":{"line":174,"column":57},"end":{"line":174,"column":102}},"100":{"start":{"line":175,"column":8},"end":{"line":175,"column":56}},"101":{"start":{"line":177,"column":6},"end":{"line":177,"column":18}},"102":{"start":{"line":182,"column":2},"end":{"line":193,"column":5}},"103":{"start":{"line":183,"column":4},"end":{"line":183,"column":37}},"104":{"start":{"line":184,"column":4},"end":{"line":192,"column":10}},"105":{"start":{"line":185,"column":6},"end":{"line":188,"column":12}},"106":{"start":{"line":186,"column":8},"end":{"line":186,"column":47}},"107":{"start":{"line":186,"column":36},"end":{"line":186,"column":47}},"108":{"start":{"line":187,"column":8},"end":{"line":187,"column":97}},"109":{"start":{"line":190,"column":6},"end":{"line":190,"column":45}},"110":{"start":{"line":190,"column":34},"end":{"line":190,"column":45}},"111":{"start":{"line":191,"column":6},"end":{"line":191,"column":86}},"112":{"start":{"line":195,"column":2},"end":{"line":195,"column":73}},"113":{"start":{"line":197,"column":2},"end":{"line":203,"column":27}},"114":{"start":{"line":198,"column":4},"end":{"line":200,"column":12}},"115":{"start":{"line":199,"column":6},"end":{"line":199,"column":62}},"116":{"start":{"line":202,"column":4},"end":{"line":202,"column":46}},"117":{"start":{"line":215,"column":0},"end":{"line":238,"column":1}},"118":{"start":{"line":216,"column":2},"end":{"line":237,"column":5}},"119":{"start":{"line":217,"column":4},"end":{"line":217,"column":17}},"120":{"start":{"line":218,"column":4},"end":{"line":218,"column":21}},"121":{"start":{"line":219,"column":4},"end":{"line":221,"column":7}},"122":{"start":{"line":220,"column":6},"end":{"line":220,"column":61}},"123":{"start":{"line":224,"column":4},"end":{"line":231,"column":6}},"124":{"start":{"line":225,"column":6},"end":{"line":225,"column":28}},"125":{"start":{"line":226,"column":6},"end":{"line":230,"column":9}},"126":{"start":{"line":227,"column":8},"end":{"line":227,"column":41}},"127":{"start":{"line":228,"column":8},"end":{"line":228,"column":44}},"128":{"start":{"line":229,"column":8},"end":{"line":229,"column":267}},"129":{"start":{"line":229,"column":38},"end":{"line":229,"column":90}},"130":{"start":{"line":229,"column":95},"end":{"line":229,"column":267}},"131":{"start":{"line":229,"column":155},"end":{"line":229,"column":209}},"132":{"start":{"line":229,"column":214},"end":{"line":229,"column":267}},"133":{"start":{"line":233,"column":4},"end":{"line":235,"column":5}},"134":{"start":{"line":234,"column":6},"end":{"line":234,"column":15}},"135":{"start":{"line":236,"column":4},"end":{"line":236,"column":15}},"136":{"start":{"line":246,"column":0},"end":{"line":251,"column":1}},"137":{"start":{"line":247,"column":2},"end":{"line":247,"column":14}},"138":{"start":{"line":249,"column":2},"end":{"line":249,"column":80}},"139":{"start":{"line":249,"column":21},"end":{"line":249,"column":80}},"140":{"start":{"line":250,"column":2},"end":{"line":250,"column":50}},"141":{"start":{"line":253,"column":0},"end":{"line":284,"column":1}},"142":{"start":{"line":256,"column":2},"end":{"line":256,"column":110}},"143":{"start":{"line":256,"column":47},"end":{"line":256,"column":110}},"144":{"start":{"line":258,"column":2},"end":{"line":258,"column":26}},"145":{"start":{"line":260,"column":2},"end":{"line":260,"column":34}},"146":{"start":{"line":261,"column":2},"end":{"line":261,"column":23}},"147":{"start":{"line":263,"column":2},"end":{"line":282,"column":3}},"148":{"start":{"line":264,"column":4},"end":{"line":264,"column":34}},"149":{"start":{"line":265,"column":4},"end":{"line":265,"column":66}},"150":{"start":{"line":265,"column":57},"end":{"line":265,"column":66}},"151":{"start":{"line":267,"column":4},"end":{"line":267,"column":52}},"152":{"start":{"line":268,"column":4},"end":{"line":279,"column":5}},"153":{"start":{"line":269,"column":6},"end":{"line":269,"column":41}},"154":{"start":{"line":270,"column":6},"end":{"line":278,"column":7}},"155":{"start":{"line":271,"column":8},"end":{"line":271,"column":72}},"156":{"start":{"line":272,"column":8},"end":{"line":272,"column":85}},"157":{"start":{"line":272,"column":51},"end":{"line":272,"column":85}},"158":{"start":{"line":274,"column":8},"end":{"line":277,"column":9}},"159":{"start":{"line":275,"column":10},"end":{"line":275,"column":37}},"160":{"start":{"line":276,"column":10},"end":{"line":276,"column":31}},"161":{"start":{"line":281,"column":4},"end":{"line":281,"column":52}},"162":{"start":{"line":281,"column":29},"end":{"line":281,"column":52}},"163":{"start":{"line":283,"column":2},"end":{"line":283,"column":12}},"164":{"start":{"line":290,"column":0},"end":{"line":295,"column":1}},"165":{"start":{"line":291,"column":2},"end":{"line":291,"column":39}},"166":{"start":{"line":292,"column":2},"end":{"line":292,"column":44}},"167":{"start":{"line":293,"column":2},"end":{"line":293,"column":51}},"168":{"start":{"line":294,"column":2},"end":{"line":294,"column":52}},"169":{"start":{"line":297,"column":0},"end":{"line":307,"column":1}},"170":{"start":{"line":298,"column":2},"end":{"line":298,"column":41}},"171":{"start":{"line":298,"column":28},"end":{"line":298,"column":41}},"172":{"start":{"line":299,"column":2},"end":{"line":299,"column":16}},"173":{"start":{"line":300,"column":2},"end":{"line":305,"column":3}},"174":{"start":{"line":301,"column":4},"end":{"line":301,"column":18}},"175":{"start":{"line":302,"column":4},"end":{"line":302,"column":40}},"176":{"start":{"line":303,"column":4},"end":{"line":303,"column":49}},"177":{"start":{"line":304,"column":4},"end":{"line":304,"column":20}},"178":{"start":{"line":306,"column":2},"end":{"line":306,"column":14}}},"branchMap":{"1":{"line":36,"type":"cond-expr","locations":[{"start":{"line":36,"column":70},"end":{"line":36,"column":72}},{"start":{"line":36,"column":75},"end":{"line":36,"column":87}}]},"2":{"line":36,"type":"binary-expr","locations":[{"start":{"line":36,"column":16},"end":{"line":36,"column":37}},{"start":{"line":36,"column":41},"end":{"line":36,"column":67}}]},"3":{"line":38,"type":"binary-expr","locations":[{"start":{"line":38,"column":22},"end":{"line":38,"column":36}},{"start":{"line":38,"column":40},"end":{"line":38,"column":42}}]},"4":{"line":41,"type":"binary-expr","locations":[{"start":{"line":41,"column":21},"end":{"line":41,"column":41}},{"start":{"line":41,"column":45},"end":{"line":41,"column":53}}]},"5":{"line":42,"type":"if","locations":[{"start":{"line":42,"column":2},"end":{"line":42,"column":2}},{"start":{"line":42,"column":2},"end":{"line":42,"column":2}}]},"6":{"line":42,"type":"binary-expr","locations":[{"start":{"line":42,"column":46},"end":{"line":42,"column":68}},{"start":{"line":42,"column":72},"end":{"line":42,"column":80}}]},"7":{"line":49,"type":"binary-expr","locations":[{"start":{"line":49,"column":19},"end":{"line":49,"column":33}},{"start":{"line":49,"column":37},"end":{"line":49,"column":56}}]},"8":{"line":51,"type":"binary-expr","locations":[{"start":{"line":51,"column":20},"end":{"line":51,"column":35}},{"start":{"line":51,"column":39},"end":{"line":51,"column":43}}]},"9":{"line":54,"type":"binary-expr","locations":[{"start":{"line":54,"column":20},"end":{"line":54,"column":35}},{"start":{"line":54,"column":39},"end":{"line":54,"column":54}}]},"10":{"line":55,"type":"binary-expr","locations":[{"start":{"line":55,"column":20},"end":{"line":55,"column":35}},{"start":{"line":55,"column":39},"end":{"line":55,"column":41}}]},"11":{"line":60,"type":"if","locations":[{"start":{"line":60,"column":2},"end":{"line":60,"column":2}},{"start":{"line":60,"column":2},"end":{"line":60,"column":2}}]},"12":{"line":63,"type":"if","locations":[{"start":{"line":63,"column":8},"end":{"line":63,"column":8}},{"start":{"line":63,"column":8},"end":{"line":63,"column":8}}]},"13":{"line":82,"type":"binary-expr","locations":[{"start":{"line":82,"column":19},"end":{"line":82,"column":31}},{"start":{"line":82,"column":35},"end":{"line":82,"column":41}}]},"14":{"line":90,"type":"cond-expr","locations":[{"start":{"line":90,"column":54},"end":{"line":90,"column":70}},{"start":{"line":90,"column":73},"end":{"line":90,"column":75}}]},"15":{"line":93,"type":"if","locations":[{"start":{"line":93,"column":6},"end":{"line":93,"column":6}},{"start":{"line":93,"column":6},"end":{"line":93,"column":6}}]},"16":{"line":113,"type":"if","locations":[{"start":{"line":113,"column":6},"end":{"line":113,"column":6}},{"start":{"line":113,"column":6},"end":{"line":113,"column":6}}]},"17":{"line":114,"type":"if","locations":[{"start":{"line":114,"column":8},"end":{"line":114,"column":8}},{"start":{"line":114,"column":8},"end":{"line":114,"column":8}}]},"18":{"line":128,"type":"if","locations":[{"start":{"line":128,"column":2},"end":{"line":128,"column":2}},{"start":{"line":128,"column":2},"end":{"line":128,"column":2}}]},"19":{"line":132,"type":"if","locations":[{"start":{"line":132,"column":6},"end":{"line":132,"column":6}},{"start":{"line":132,"column":6},"end":{"line":132,"column":6}}]},"20":{"line":149,"type":"if","locations":[{"start":{"line":149,"column":6},"end":{"line":149,"column":6}},{"start":{"line":149,"column":6},"end":{"line":149,"column":6}}]},"21":{"line":171,"type":"if","locations":[{"start":{"line":171,"column":6},"end":{"line":171,"column":6}},{"start":{"line":171,"column":6},"end":{"line":171,"column":6}}]},"22":{"line":171,"type":"binary-expr","locations":[{"start":{"line":171,"column":10},"end":{"line":171,"column":25}},{"start":{"line":171,"column":29},"end":{"line":171,"column":56}}]},"23":{"line":174,"type":"if","locations":[{"start":{"line":174,"column":8},"end":{"line":174,"column":8}},{"start":{"line":174,"column":8},"end":{"line":174,"column":8}}]},"24":{"line":186,"type":"if","locations":[{"start":{"line":186,"column":8},"end":{"line":186,"column":8}},{"start":{"line":186,"column":8},"end":{"line":186,"column":8}}]},"25":{"line":190,"type":"if","locations":[{"start":{"line":190,"column":6},"end":{"line":190,"column":6}},{"start":{"line":190,"column":6},"end":{"line":190,"column":6}}]},"26":{"line":225,"type":"binary-expr","locations":[{"start":{"line":225,"column":15},"end":{"line":225,"column":21}},{"start":{"line":225,"column":25},"end":{"line":225,"column":27}}]},"27":{"line":228,"type":"binary-expr","locations":[{"start":{"line":228,"column":18},"end":{"line":228,"column":37}},{"start":{"line":228,"column":41},"end":{"line":228,"column":43}}]},"28":{"line":229,"type":"if","locations":[{"start":{"line":229,"column":8},"end":{"line":229,"column":8}},{"start":{"line":229,"column":8},"end":{"line":229,"column":8}}]},"29":{"line":229,"type":"if","locations":[{"start":{"line":229,"column":95},"end":{"line":229,"column":95}},{"start":{"line":229,"column":95},"end":{"line":229,"column":95}}]},"30":{"line":229,"type":"binary-expr","locations":[{"start":{"line":229,"column":99},"end":{"line":229,"column":124}},{"start":{"line":229,"column":128},"end":{"line":229,"column":153}}]},"31":{"line":249,"type":"if","locations":[{"start":{"line":249,"column":2},"end":{"line":249,"column":2}},{"start":{"line":249,"column":2},"end":{"line":249,"column":2}}]},"32":{"line":256,"type":"if","locations":[{"start":{"line":256,"column":2},"end":{"line":256,"column":2}},{"start":{"line":256,"column":2},"end":{"line":256,"column":2}}]},"33":{"line":256,"type":"binary-expr","locations":[{"start":{"line":256,"column":6},"end":{"line":256,"column":26}},{"start":{"line":256,"column":30},"end":{"line":256,"column":45}}]},"34":{"line":265,"type":"if","locations":[{"start":{"line":265,"column":4},"end":{"line":265,"column":4}},{"start":{"line":265,"column":4},"end":{"line":265,"column":4}}]},"35":{"line":265,"type":"binary-expr","locations":[{"start":{"line":265,"column":8},"end":{"line":265,"column":32}},{"start":{"line":265,"column":36},"end":{"line":265,"column":55}}]},"36":{"line":272,"type":"if","locations":[{"start":{"line":272,"column":8},"end":{"line":272,"column":8}},{"start":{"line":272,"column":8},"end":{"line":272,"column":8}}]},"37":{"line":272,"type":"binary-expr","locations":[{"start":{"line":272,"column":12},"end":{"line":272,"column":30}},{"start":{"line":272,"column":34},"end":{"line":272,"column":49}}]},"38":{"line":274,"type":"if","locations":[{"start":{"line":274,"column":8},"end":{"line":274,"column":8}},{"start":{"line":274,"column":8},"end":{"line":274,"column":8}}]},"39":{"line":281,"type":"if","locations":[{"start":{"line":281,"column":4},"end":{"line":281,"column":4}},{"start":{"line":281,"column":4},"end":{"line":281,"column":4}}]},"40":{"line":291,"type":"binary-expr","locations":[{"start":{"line":291,"column":13},"end":{"line":291,"column":21}},{"start":{"line":291,"column":25},"end":{"line":291,"column":38}}]},"41":{"line":294,"type":"binary-expr","locations":[{"start":{"line":294,"column":9},"end":{"line":294,"column":25}},{"start":{"line":294,"column":29},"end":{"line":294,"column":51}}]},"42":{"line":298,"type":"if","locations":[{"start":{"line":298,"column":2},"end":{"line":298,"column":2}},{"start":{"line":298,"column":2},"end":{"line":298,"column":2}}]},"43":{"line":302,"type":"binary-expr","locations":[{"start":{"line":302,"column":9},"end":{"line":302,"column":23}},{"start":{"line":302,"column":27},"end":{"line":302,"column":32}}]},"44":{"line":303,"type":"binary-expr","locations":[{"start":{"line":303,"column":9},"end":{"line":303,"column":23}},{"start":{"line":303,"column":27},"end":{"line":303,"column":34}}]}},"code":["\"use strict\";","","var wcwidth = require('./width');","","var _require = require('./utils');","","var padRight = _require.padRight;","var padCenter = _require.padCenter;","var padLeft = _require.padLeft;","var splitIntoLines = _require.splitIntoLines;","var splitLongWords = _require.splitLongWords;","var truncateString = _require.truncateString;","","var DEFAULT_HEADING_TRANSFORM = function DEFAULT_HEADING_TRANSFORM(key) {","  return key.toUpperCase();","};","","var DEFAULT_DATA_TRANSFORM = function DEFAULT_DATA_TRANSFORM(cell, column, index) {","  return cell;","};","","var DEFAULTS = Object.freeze({","  maxWidth: Infinity,","  minWidth: 0,","  columnSplitter: ' ',","  truncate: false,","  truncateMarker: '…',","  preserveNewLines: false,","  paddingChr: ' ',","  showHeaders: true,","  headingTransform: DEFAULT_HEADING_TRANSFORM,","  dataTransform: DEFAULT_DATA_TRANSFORM","});","","module.exports = function (items) {","  var options = arguments.length <= 1 || arguments[1] === undefined ? {} : arguments[1];","","  var columnConfigs = options.config || {};","  delete options.config; // remove config so doesn't appear on every column.","","  var maxLineWidth = options.maxLineWidth || Infinity;","  if (maxLineWidth === 'auto') maxLineWidth = process.stdout.columns || Infinity;","  delete options.maxLineWidth; // this is a line control option, don't pass it to column","","  // Option defaults inheritance:","  // options.config[columnName] => options => DEFAULTS","  options = mixin({}, DEFAULTS, options);","","  options.config = options.config || Object.create(null);","","  options.spacing = options.spacing || '\\n'; // probably useless","  options.preserveNewLines = !!options.preserveNewLines;","  options.showHeaders = !!options.showHeaders;","  options.columns = options.columns || options.include; // alias include/columns, prefer columns if supplied","  var columnNames = options.columns || []; // optional user-supplied columns to include","","  items = toArray(items, columnNames);","","  // if not suppled column names, automatically determine columns from data keys","  if (!columnNames.length) {","    items.forEach(function (item) {","      for (var columnName in item) {","        if (columnNames.indexOf(columnName) === -1) columnNames.push(columnName);","      }","    });","  }","","  // initialize column defaults (each column inherits from options.config)","  var columns = columnNames.reduce(function (columns, columnName) {","    var column = Object.create(options);","    columns[columnName] = mixin(column, columnConfigs[columnName]);","    return columns;","  }, Object.create(null));","","  // sanitize column settings","  columnNames.forEach(function (columnName) {","    var column = columns[columnName];","    column.name = columnName;","    column.maxWidth = Math.ceil(column.maxWidth);","    column.minWidth = Math.ceil(column.minWidth);","    column.truncate = !!column.truncate;","    column.align = column.align || 'left';","  });","","  // sanitize data","  items = items.map(function (item) {","    var result = Object.create(null);","    columnNames.forEach(function (columnName) {","      // null/undefined -> ''","      result[columnName] = item[columnName] != null ? item[columnName] : '';","      // toString everything","      result[columnName] = '' + result[columnName];","      if (columns[columnName].preserveNewLines) {","        // merge non-newline whitespace chars","        result[columnName] = result[columnName].replace(/[^\\S\\n]/gmi, ' ');","      } else {","        // merge all whitespace chars","        result[columnName] = result[columnName].replace(/\\s/gmi, ' ');","      }","    });","    return result;","  });","","  // transform data cells","  columnNames.forEach(function (columnName) {","    var column = columns[columnName];","    items = items.map(function (item, index) {","      var col = Object.create(column);","      item[columnName] = column.dataTransform(item[columnName], col, index);","","      var changedKeys = Object.keys(col);","      // disable default heading transform if we wrote to column.name","      if (changedKeys.indexOf('name') !== -1) {","        if (column.headingTransform !== DEFAULT_HEADING_TRANSFORM) return;","        column.headingTransform = function (heading) {","          return heading;","        };","      }","      c
[...]
d from String.prototype.endsWith polyfill."," */","","function endsWith(target, searchString, position) {","  position = position || target.length;","  position = position - searchString.length;","  var lastIndex = target.lastIndexOf(searchString);","  return lastIndex !== -1 && lastIndex === position;","}","","function toArray(items, columnNames) {","  if (Array.isArray(items)) return items;","  var rows = [];","  for (var key in items) {","    var item = {};","    item[columnNames[0] || 'key'] = key;","    item[columnNames[1] || 'value'] = items[key];","    rows.push(item);","  }","  return rows;","}","",""],"l":{"3":1,"5":1,"7":1,"8":1,"9":1,"10":1,"11":1,"12":1,"14":1,"15":0,"18":1,"19":0,"22":1,"35":1,"36":0,"38":0,"39":0,"41":0,"42":0,"43":0,"47":0,"49":0,"51":0,"52":0,"53":0,"54":0,"55":0,"57":0,"60":0,"61":0,"62":0,"63":0,"69":0,"70":0,"71":0,"72":0,"76":0,"77":0,"78":0,"79":0,"80":0,"81":0,"82":0,"86":0,"87":0,"88":0,"90":0,"92":0,"93":0,"95":0,"98":0,"101":0,"105":0,"106":0,"107":0,"108":0,"109":0,"111":0,"113":0,"114":0,"115":0,"116":0,"119":0,"120":0,"122":0,"127":0,"128":0,"129":0,"130":0,"132":0,"133":0,"134":0,"137":0,"139":0,"143":0,"144":0,"145":0,"146":0,"149":0,"150":0,"155":0,"156":0,"157":0,"158":0,"159":0,"164":0,"165":0,"166":0,"167":0,"168":0,"171":0,"172":0,"173":0,"174":0,"175":0,"177":0,"182":0,"183":0,"184":0,"185":0,"186":0,"187":0,"190":0,"191":0,"195":0,"197":0,"198":0,"199":0,"202":0,"215":1,"216":0,"217":0,"218":0,"219":0,"220":0,"224":0,"225":0,"226":0,"227":0,"228":0,"229":0,"233":0,"234":0,"236":0,"246":1,"247":0,"249":0,"250":0,"253":1,"256":0,"258":0,"260":0,"261":0,"263":0,"264":0,"265":0,"267":0,"268":0,"269":0,"270":0,"271":0,"272":0,"274":0,"275":0,"276":0,"281":0,"283":0,"290":1,"291":0,"292":0,"293":0,"294":0,"297":1,"298":0,"299":0,"300":0,"301":0,"302":0,"303":0,"304":0,"306":0}},"/home/travis/build/npmtest/node-npmtest-columnify/columnify/width.js":{"path":"/home/travis/build/npmtest/node-npmtest-columnify/columnify/width.js","s":{"1":1,"2":1,"3":1,"4":0},"b":{},"f":{"1":0},"fnMap":{"1":{"name":"(anonymous_1)","line":4,"loc":{"start":{"line":4,"column":17},"end":{"line":4,"column":31}}}},"statementMap":{"1":{"start":{"line":1,"column":0},"end":{"line":1,"column":37}},"2":{"start":{"line":2,"column":0},"end":{"line":2,"column":32}},"3":{"start":{"line":4,"column":0},"end":{"line":6,"column":1}},"4":{"start":{"line":5,"column":2},"end":{"line":5,"column":32}}},"branchMap":{},"code":["var stripAnsi = require('strip-ansi')","var wcwidth = require('wcwidth')","","module.exports = function(str) {","  return wcwidth(stripAnsi(str))","}",""],"l":{"1":1,"2":1,"4":1,"5":0}},"/home/travis/build/npmtest/node-npmtest-columnify/columnify/utils.js":{"path":"/home/travis/build/npmtest/node-npmtest-columnify/columnify/utils.js","s":{"1":1,"2":1,"3":0,"4":1,"5":0,"6":0,"7":0,"8":0,"9":0,"10":0,"11":1,"12":0,"13":0,"14":0,"15":0,"16":0,"17":0,"18":0,"19":0,"20":1,"21":0,"22":0,"23":0,"24":0,"25":0,"26":0,"27":1,"28":1,"29":0,"30":0,"31":0,"32":0,"33":0,"34":0,"35":0,"36":0,"37":0,"38":0,"39":1,"40":0,"41":0,"42":0,"43":0,"44":0,"45":0,"46":0,"47":0,"48":0,"49":0,"50":0,"51":0,"52":0,"53":0,"54":0,"55":0,"56":0,"57":0,"58":0,"59":0,"60":0,"61":0,"62":0,"63":0,"64":0,"65":1,"66":0,"67":0,"68":0,"69":0,"70":0,"71":0,"72":0,"73":0,"74":0,"75":0,"76":0,"77":0,"78":0,"79":1,"80":1,"81":1,"82":1,"83":1,"84":1},"b":{"1":[0,0],"2":[0,0],"3":[0,0],"4":[0,0],"5":[0,0],"6":[0,0],"7":[0,0],"8":[0,0],"9":[0,0],"10":[0,0],"11":[0,0],"12":[0,0],"13":[0,0],"14":[0,0],"15":[0,0],"16":[0,0],"17":[0,0],"18":[0,0],"19":[0,0]},"f":{"1":0,"2":0,"3":0,"4":0,"5":0,"6":0,"7":0,"8":0,"9":0,"10":0,"11":0,"12":0},"fnMap":{"1":{"name":"repeatString","line":12,"loc":{"start":{"line":12,"column":0},"end":{"line":12,"column":32}}},"2":{"name":"padRight","line":26,"loc":{"start":{"line":26,"column":0},"end":{"line":26,"column":33}}},"3":{"name":"padCenter","line":44,"loc":{"start":{"line":44,"column":0},"end":{"line":44,"column":34}}},"4":{"name":"padLeft","line":64,"loc":{"start":{"line":64,"column":0},"end":{"line":64,"column":32}}},"5":{"name":"splitIntoLines","line":81,"loc":{"start":{"line":81,"column":0},"end":{"line":81,"column":34}}},"6":{"name":"_splitIntoLines","line":82,"loc":{"start":{"line":82,"column":2},"end":{"line":82,"column":37}}},"7":{"name":"(anonymous_7)","line":83,"loc":{"start":{"line":83,"column":40},"end":{"line":83,"column":62}}},"8":{"name":"(anonymous_8)","line":90,"loc":{"start":{"line":90,"column":15},"end":{"line":90,"column":27}}},"9":{"name":"(anonymous_9)","line":94,"loc":{"start":{"line":94,"column":29},"end":{"line":94,"column":43}}},"10":{"name":"(anonymous_10)","line":96,"loc":{"start":{"line":96,"column":12},"end":{"line":96,"column":34}}},"11":{"name":"splitLongWords","line":111,"loc":{"start":{"line":111,"column":0},"end":{"line":111,"column":50}}},"12":{"name":"truncateString","line":163,"loc":{"start":{"line":163,"column":0},"end":{"line":163,"column":34}}}},"statementMap":{"1":{"start":{"line":3,"column":0},"end":{"line":3,"column":32}},"2":{"start":{"line":12,"column":0},"end":{"line":14,"column":1}},"3":{"start":{"line":13,"column":2},"end":{"line":13,"column":69}},"4":{"start":{"line":26,"column":0},"end":{"line":32,"column":1}},"5":{"start":{"line":27,"column":2},"end":{"line":27,"column":30}},"6":{"start":{"line":28,"column":2},"end":{"line":28,"column":19}},"7":{"start":{"line":29,"column":2},"end":{"line":29,"column":33}},"8":{"start":{"line":30,"column":2},"end":{"line":30,"column":29}},"9":{"start":{"line":30,"column":19},"end":{"line":30,"column":29}},"10":{"start":{"line":31,"column":2},"end":{"line":31,"column":47}},"11":{"start":{"line":44,"column":0},"end":{"line":52,"column":1}},"12":{"start":{"line":45,"column":2},"end":{"line":45,"column":30}},"13":{"start":{"line":46,"column":2},"end":{"line":46,"column":19}},"14":{"start":{"line":47,"column":2},"end":{"line":47,"column":33}},"15":{"start":{"line":48,"column":2},"end":{"line":48,"column":29}},"16":{"start":{"line":48,"column":19},"end":{"line":48,"column":29}},"17":{"start":{"line":49,"column":2},"end":{"line":49,"column":39}},"18":{"start":{"line":50,"column":2},"end":{"line":50,"column":39}},"19":{"start":{"line":51,"column":2},"end":{"line":51,"column":91}},"20":{"start":{"line":64,"column":0},"end":{"line":70,"column":1}},"21":{"start":{"line":65,"column":2},"end":{"line":65,"column":30}},"22":{"start":{"line":66,"column":2},"end":{"line":66,"column":19}},"23":{"start":{"line":67,"column":2},"end":{"line":67,"column":33}},"24":{"start":{"line":68,"column":2},"end":{"line":68,"column":29}},"25":{"start":{"line":68,"column":19},"end":{"line":68,"column":29}},"26":{"start":{"line":69,"column":2},"end":{"line":69,"column":47}},"27":{"start":{"line":81,"column":0},"end":{"line":99,"column":1}},"28":{"start":{"line":82,"column":2},"end":{"line":93,"column":3}},"29":{"start":{"line":83,"column":4},"end":{"line":92,"column":6}},"30":{"start":{"line":84,"column":6},"end":{"line":84,"column":40}},"31":{"start":{"line":85,"column":6},"end":{"line":88,"column":29}},"32":{"start":{"line":86,"column":8},"end":{"line":86,"column":42}},"33":{"start":{"line":88,"column":11},"end":{"line":88,"column":29}},"34":{"start":{"line":89,"column":6},"end":{"line":89,"column":18}},"35":{"start":{"line":91,"column":6},"end":{"line":91,"column":24}},"36":{"start":{"line":94,"column":2},"end":{"line":98,"column":8}},"37":{"start":{"line":95,"column":4},"end":{"line":95,"column":36}},"38":{"start":{"line":97,"column":4},"end":{"line":97,"column":29}},"39":{"start":{"line":111,"column":0},"end":{"line":151,"column":1}},"40":{"start":{"line":112,"column":2},"end":{"line":112,"column":18}},"41":{"start":{"line":113,"column":2},"end":{"line":113,"column":17}},"42":{"start":{"line":114,"column":2},"end":{"line":114,"column":28}},"43":{"start":{"line":115,"column":2},"end":{"line":115,"column":20}},"44":{"start":{"line":117,"column":2},"end":{"line":117,"column":47}},"45":{"start":{"line":119,"column":2},"end":{"line":148,"column":3}},"46":{"start":{"line":120,"column":4},"end":{"line":125,"column":5}},"47":{"start":{"line":121,"column":6},"end":{"line":121,"column":26}},"48":{"start":{"line":122,"column":6},"end":{"line":122,"column":20}},"49":{"start":{"line":124,"column":6},"end":{"line":124,"column":30}},"50":{"start":{"line":127,"column":4},"end":{"line":146,"column":5}},"51":{"start":{"line":129,"column":6},"end":{"line":129,"column":15}},"52":{"start":{"line":130,"column":6},"end":{"line":130,"column":20}},"53":{"start":{"line":131,"column":6},"end":{"line":131,"column":39}},"54":{"start":{"line":132,"column":6},"end":{"line":139,"column":7}},"55":{"start":{"line":133,"column":8},"end":{"line":133,"column":39}},"56":{"start":{"line":134,"column":8},"end":{"line":136,"column":9}},"57":{"start":{"line":135,"column":10},"end":{"line":135,"column":15}},"58":{"start":{"line":137,"column":8},"end":{"line":137,"column":19}},"59":{"start":{"line":138,"column":8},"end":{"line":138,"column":11}},"60":{"start":{"line":141,"column":6},"end":{"line":141,"column":31}},"61":{"start":{"line":144,"column":6},"end":{"line":144,"column":29}},"62":{"start":{"line":145,"column":6},"end":{"line":145,"column":28}},"63":{"start":{"line":147,"column":4},"end":{"line":147,"column":21}},"64":{"start":{"line":150,"column":2},"end":{"line":150,"column":25}},"65":{"start":{"line":163,"column":0},"end":{"line":180,"column":1}},"66":{"start":{"line":165,"column":2},"end":{"line":165,"column":30}},"67":{"start":{"line":166,"column":2},"end":{"line":166,"column":19}},"68":{"start":{"line":168,"column":2},"end":{"line":168,"column":32}},"69":{"start":{"line":168,"column":22},"end":{"line":168,"column":32}},"70":{"start":{"line":170,"column":2},"end":{"line":170,"column":11}},"71":{"start":{"line":171,"column":2},"end":{"line":171,"column":16}},"72":{"start":{"line":172,"column":2},"end":{"line":178,"column":3}},"73":{"start":{"line":173,"column":4},"end":{"line":173,"column":34}},"74":{"start":{"line":174,"column":4},"end":{"line":175,"column":11}},"75":{"start":{"line":175,"column":6},"end":{"line":175,"column":11}},"76":{"start":{"line":176,"column":4},"end":{"line":176,"column":15}},"77":{"start":{"line":177,"column":4},"end":{"line":177,"column":7}},"78":{"start":{"line":179,"column":2},"end":{"line":179,"column":24}},"79":{"start":{"line":188,"column":0},"end":{"line":188,"column":34}},"80":{"start":{"line":189,"column":0},"end":{"line":189,"column":36}},"81":{"start":{"line":190,"column":0},"end":{"line":190,"column":32}},"82":{"start":{"line":191,"column":0},"end":{"line":191,"column":46}},"83":{"start":{"line":192,"column":0},"end":{"line":192,"column":46}},"84":{"start":{"line":193,"column":0},"end":{"line":193,"column":46}}},"branchMap":{"1":{"line":27,"type":"cond-expr","locations":[{"start":{"line":27,"column":22},"end":{"line":27,"column":25}},{"start":{"line":27,"column":28},"end":{"line":27,"column":30}}]},"2":{"line":30,"type":"if","locations":[{"start":{"line":30,"column":2},"end":{"line":30,"column":2}},{"start":{"line":30,"column":2},"end":{"line":30,"column":2}}]},"3":{"line":31,"type":"binary-expr","locations":[{"start":{"line":31,"column":28},"end":{"line":31,"column":31}},{"start":{"line":31,"column":35},"end":{"line":31,"column":38}}]},"4":{"line":45,"type":"cond-expr","locations":[{"start":{"line":45,"column":22},"end":{"line":45,"column":25}},{"start":{"line":45,"column":28},"end":{"line":45,"column":30}}]},"5":{"line":48,"type":"if","locations":[{"start":{"line":48,"column":2},"end":{"line":48,"column":2}},{"start":{"line":48,"column":2},"end":{"line":48,"column":2}}]},"6":{"line":51,"type":"binary-expr","locations":[{"start":{"line":51,"column":22},"end":{"line":51,"column":25}},{"start":{"line":51,"column":29},"end":{"line":51,"column":32}}]},"7":{"line":51,"type":"binary-expr","locations":[{"start":{"line":51,"column":67},"end":{"line":51,"column":70}},{"start":{"line":51,"column":74},"end":{"line":51,"column":77}}]},"8":{"line":65,"type":"cond-expr","locations":[{"start":{"line":65,"column":22},"end":{"line":65,"column":25}},{"start":{"line":65,"column":28},"end":{"line":65,"column":30}}]},"9":{"line":68,"type":"if","locations":[{"start":{"line":68,"column":2},"end":{"line":68,"column":2}},{"start":{"line":68,"column":2},"end":{"line":68,"column":2}}]},"10":{"line":69,"type":"binary-expr","locations":[{"start":{"line":69,"column":22},"end":{"line":69,"column":25}},{"start":{"line":69,"column":29},"end":{"line":69,"column":32}}]},"11":{"line":85,"type":"if","locations":[{"start":{"line":85,"column":6},"end":{"line":85,"column":6}},{"start":{"line":85,"column":6},"end":{"line":85,"column":6}}]},"12":{"line":85,"type":"binary-expr","locations":[{"start":{"line":85,"column":10},"end":{"line":85,"column":14}},{"start":{"line":85,"column":18},"end":{"line":85,"column":63}}]},"13":{"line":119,"type":"binary-expr","locations":[{"start":{"line":119,"column":9},"end":{"line":119,"column":18}},{"start":{"line":119,"column":22},"end":{"line":119,"column":34}}]},"14":{"line":120,"type":"if","locations":[{"start":{"line":120,"column":4},"end":{"line":120,"column":4}},{"start":{"line":120,"column":4},"end":{"line":120,"column":4}}]},"15":{"line":127,"type":"if","locations":[{"start":{"line":127,"column":4},"end":{"line":127,"column":4}},{"start":{"line":127,"column":4},"end":{"line":127,"column":4}}]},"16":{"line":134,"type":"if","locations":[{"start":{"line":134,"column":8},"end":{"line":134,"column":8}},{"start":{"line":134,"column":8},"end":{"line":134,"column":8}}]},"17":{"line":165,"type":"cond-expr","locations":[{"start":{"line":165,"column":22},"end":{"line":165,"column":25}},{"start":{"line":165,"column":28},"end":{"line":165,"column":30}}]},"18":{"line":168,"type":"if","locations":[{"start":{"line":168,"column":2},"end":{"line":168,"column":2}},{"start":{"line":168,"column":2},"end":{"line":168,"column":2}}]},"19":{"line":174,"type":"if","locations":[{"start":{"line":174,"column":4},"end":{"line":174,"column":4}},{"start":{"line":174,"column":4},"end":{"line":174,"column":4}}]}},"code":["\"use strict\"","","var wcwidth = require('./width')","","/**"," * repeat string `str` up to total length of `len`"," *"," * @param String str string to repeat"," * @param Number len total length of output string"," */","","function repeatString(str, len) {","  return Array.apply(null, {length: len + 1}).join(str).slice(0, len)","}","","/**"," * Pad `str` up to total length `max` with `chr`."," * If `str` is longer than `max`, padRight will return `str` unaltered."," *"," * @param String str string to pad"," * @param Number max total length of output string"," * @param String chr optional. Character to pad with. default: ' '"," * @return String padded str"," */","","function padRight(str, max, chr) {","  str = str != null ? str : ''","  str = String(str)","  var length = max - wcwidth(str)","  if (length <= 0) return str","  return str + repeatString(chr || ' ', length)","}","","/**"," * Pad `str` up to total length `max` with `chr`."," * If `str` is longer than `max`, padCenter will return `str` unaltered."," *"," * @param String str string to pad"," * @param Number max total length of output string"," * @param String chr optional. Character to pad with. default: ' '"," * @return String padded str"," */","","function padCenter(str, max, chr) {","  str = str != null ? str : ''","  str = String(str)","  var length = max - wcwidth(str)","  if (length <= 0) return str","  var lengthLeft = Math.floor(length/2)","  var lengthRight = length - lengthLeft","  return repeatString(chr || ' ', lengthLeft) + str + repeatString(chr || ' ', lengthRight)","}","","/**"," * Pad `str` up to total length `max` with `chr`, on the left."," * If `str` is longer than `max`, padRight will return `str` unaltered."," *"," * @param String str string to pad"," * @param Number max total length of output string"," * @param String chr optional. Character to pad with. default: ' '"," * @return String padded str"," */","","function padLeft(str, max, chr) {","  str = str != null ? str : ''","  str = String(str)","  var length = max - wcwidth(str)","  if (length <= 0) return str","  return repeatString(chr || ' ', length) + str","}","","/**"," * Split a String `str` into lines of maxiumum length `max`."," * Splits on word boundaries. Preserves existing new lines."," *"," * @param String str string to split"," * @param Number max length of each line"," * @return Array Array containing lines."," */","","function splitIntoLines(str, max) {","  function _splitIntoLines(str, max) {","    return str.trim().split(' ').reduce(function(lines, word) {","      var line = lines[lines.length - 1]","      if (line && wcwidth(line.join(' ')) + wcwidth(word) < max) {","        lines[lines.length - 1].push(word) // add to line","      }","      else lines.push([word]) // new line","      return lines","    }, []).map(function(l) {","      return l.join(' ')","    })","  }","  return str.split('\\n').map(function(str) {","    return _splitIntoLines(str, max)","  }).reduce(function(lines, line) {","    return lines.concat(line)","  }, [])","}","","/**"," * Add spaces and `truncationChar` between words of"," * `str` which are longer than `max`."," *"," * @param String str string to split"," * @param Number max length of each line"," * @param Number truncationChar character to append to split words"," * @return String"," */","","function splitLongWords(str, max, truncationChar) {","  str = str.trim()","  var result = []","  var words = str.split(' ')","  var remainder = ''","","  var truncationWidth = wcwidth(truncationChar)","","  while (remainder || words.length) {","    if (remainder) {","      var word = remainder","      remainder = ''","    } else {","      var word = words.shift()","    }","","    if (wcwidth(word) > max) {","      // slice is based on length no wcwidth","      var i = 0","      var wwidth = 0","      var limit = max - truncationWidth","      while (i < word.length) {","        var w = wcwidth(word.charAt(i))","        if (w + wwidth > limit) {","          break","        }","        wwidth += w","        ++i","      }","","      remainder = word.slice(i) // get remainder","      // save remainder for next loop","","      word = word.slice(0, i) // grab truncated word","      word += truncationChar // add trailing … or whatever","    }","    result.push(word)","  }","","  return result.join(' ')","}","","","/**"," * Truncate `str` into total width `max`"," * If `str` is shorter than `max`,  will return `str` unaltered."," *"," * @param String str string to truncated"," * @param Number max total wcwidth of output string"," * @return String truncated str"," */","","function truncateString(str, max) {","","  str = str != null ? str : ''","  str = String(str)","","  if(max == Infinity) return str","","  var i = 0","  var wwidth = 0","  while (i < str.length) {","    var w = wcwidth(str.charAt(i))","    if(w + wwidth > max)","      break","    wwidth += w","    ++i","  }","  return str.slice(0, i)","}","","","","/**"," * Exports"," */","","module.exports.padRight = padRight","module.exports.padCenter = padCenter","module.exports.padLeft = padLeft","module.exports.splitIntoLines = splitIntoLines","module.exports.splitLongWords = splitLongWords","module.exports.truncateString = truncateString",""],"l":{"3":1,"12":1,"13":0,"26":1,"27":0,"28":0,"29":0,"30":0,"31":0,"44":1,"45":0,"46":0,"47":0,"48":0,"49":0,"50":0,"51":0,"64":1,"65":0,"66":0,"67":0,"68":0,"69":0,"81":1,"82":1,"83":0,"84":0,"85":0,"86":0,"88":0,"89":0,"91":0,"94":0,"95":0,"97":0,"111":1,"112":0,"113":0,"114":0,"115":0,"117":0,"119":0,"120":0,"121":0,"122":0,"124":0,"127":0,"129":0,"130":0,"131":0,"132":0,"133":0,"134":0,"135":0,"137":0,"138":0,"141":0,"144":0,"145":0,"147":0,"150":0,"163":1,"165":0,"166":0,"168":0,"170":0,"171":0,"172":0,"173":0,"174":0,"175":0,"176":0,"177":0,"179":0,"188":1,"189":1,"190":1,"191":1,"192":1,"193":1}}}